TN:
SF:src/WebGL.ts
FN:2,(anonymous_0)
FN:14,(anonymous_1)
FN:23,(anonymous_2)
FN:27,(anonymous_3)
FN:31,(anonymous_4)
FNF:5
FNH:0
FNDA:0,(anonymous_0)
FNDA:0,(anonymous_1)
FNDA:0,(anonymous_2)
FNDA:0,(anonymous_3)
FNDA:0,(anonymous_4)
DA:3,0
DA:4,0
DA:5,0
DA:10,0
DA:15,0
DA:16,0
DA:17,0
DA:19,0
DA:24,0
DA:28,0
DA:32,0
DA:37,0
DA:43,0
DA:45,0
DA:46,0
DA:47,0
DA:48,0
DA:49,0
DA:50,0
DA:51,0
DA:52,0
DA:53,0
DA:54,0
DA:55,0
DA:57,0
DA:58,0
DA:60,0
DA:63,0
DA:65,0
DA:67,0
DA:71,0
LF:31
LH:0
BRDA:6,0,0,0
BRDA:6,0,1,0
BRDA:6,0,2,0
BRDA:17,1,0,0
BRDA:17,1,1,0
BRDA:57,2,0,0
BRDA:57,2,1,0
BRF:7
BRH:0
end_of_record
TN:
SF:src/menu.tsx
FN:9,(anonymous_1)
FN:17,(anonymous_2)
FN:33,(anonymous_3)
FN:68,(anonymous_4)
FN:69,(anonymous_5)
FN:73,(anonymous_6)
FNF:6
FNH:0
FNDA:0,(anonymous_1)
FNDA:0,(anonymous_2)
FNDA:0,(anonymous_3)
FNDA:0,(anonymous_4)
FNDA:0,(anonymous_5)
FNDA:0,(anonymous_6)
DA:1,0
DA:12,0
DA:20,0
DA:22,0
DA:23,0
DA:25,0
DA:26,0
DA:28,0
DA:35,0
DA:45,0
DA:50,0
DA:65,0
DA:66,0
DA:68,0
DA:69,0
DA:70,0
DA:73,0
DA:81,0
DA:83,0
DA:108,0
LF:20
LH:0
BRDA:20,0,0,0
BRDA:20,0,1,0
BRDA:22,1,0,0
BRDA:22,1,1,0
BRDA:25,2,0,0
BRDA:25,2,1,0
BRDA:72,3,0,0
BRDA:72,3,1,0
BRDA:75,4,0,0
BRDA:75,4,1,0
BRDA:77,5,0,0
BRDA:77,5,1,0
BRDA:81,6,0,0
BRDA:81,7,0,0
BRDA:81,8,0,0
BRDA:85,9,0,0
BRDA:85,9,1,0
BRDA:91,10,0,0
BRDA:91,10,1,0
BRDA:97,11,0,0
BRDA:97,11,1,0
BRF:21
BRH:0
end_of_record
TN:
SF:src/showcase-entry.tsx
FNF:0
FNH:0
DA:1,0
DA:2,0
DA:3,0
DA:4,0
DA:5,0
DA:6,0
DA:8,0
DA:10,0
DA:13,0
DA:14,0
DA:16,0
DA:17,0
DA:18,0
DA:19,0
DA:20,0
DA:21,0
DA:22,0
DA:23,0
DA:24,0
DA:26,0
LF:20
LH:0
BRDA:14,0,0,0
BRDA:14,0,1,0
BRDA:17,1,0,0
BRDA:17,1,1,0
BRDA:17,2,0,0
BRDA:17,2,1,0
BRDA:21,3,0,0
BRDA:21,3,1,0
BRF:8
BRH:0
end_of_record
TN:
SF:src/apps/flyzones/index.tsx
FNF:0
FNH:0
DA:1,0
DA:2,0
DA:3,0
DA:4,0
DA:5,0
DA:7,0
DA:9,0
DA:11,0
DA:12,0
DA:13,0
DA:14,0
DA:16,0
DA:17,0
LF:13
LH:0
BRDA:12,0,0,0
BRDA:12,0,1,0
BRF:2
BRH:0
end_of_record
TN:
SF:src/apps/game/index.tsx
FNF:0
FNH:0
DA:1,0
DA:2,0
DA:3,0
DA:4,0
DA:5,0
DA:7,0
DA:9,0
DA:11,0
DA:12,0
DA:13,0
DA:14,0
DA:16,0
DA:17,0
LF:13
LH:0
BRDA:12,0,0,0
BRDA:12,0,1,0
BRF:2
BRH:0
end_of_record
TN:
SF:src/audio/background.ts
FN:14,(anonymous_10)
FN:18,(anonymous_11)
FN:19,(anonymous_12)
FN:22,(anonymous_13)
FN:29,(anonymous_14)
FN:37,(anonymous_15)
FN:43,(anonymous_16)
FN:51,(anonymous_17)
FN:58,(anonymous_18)
FN:65,(anonymous_19)
FNF:10
FNH:0
FNDA:0,(anonymous_10)
FNDA:0,(anonymous_11)
FNDA:0,(anonymous_12)
FNDA:0,(anonymous_13)
FNDA:0,(anonymous_14)
FNDA:0,(anonymous_15)
FNDA:0,(anonymous_16)
FNDA:0,(anonymous_17)
FNDA:0,(anonymous_18)
FNDA:0,(anonymous_19)
DA:1,0
DA:2,0
DA:3,0
DA:4,0
DA:12,0
DA:15,0
DA:19,0
DA:23,0
DA:24,0
DA:25,0
DA:26,0
DA:27,0
DA:29,0
DA:30,0
DA:31,0
DA:32,0
DA:34,0
DA:38,0
DA:39,0
DA:40,0
DA:44,0
DA:45,0
DA:47,0
DA:52,0
DA:53,0
DA:54,0
DA:55,0
DA:59,0
DA:60,0
DA:61,0
DA:62,0
DA:66,0
DA:67,0
DA:68,0
DA:69,0
DA:70,0
DA:75,0
LF:37
LH:0
BRDA:26,0,0,0
BRDA:44,1,0,0
BRDA:44,1,1,0
BRDA:66,2,0,0
BRF:4
BRH:0
end_of_record
TN:
SF:src/components/birds.ts
FN:14,(anonymous_10)
FN:36,(anonymous_11)
FN:43,(anonymous_12)
FN:46,(anonymous_13)
FNF:4
FNH:0
FNDA:0,(anonymous_10)
FNDA:0,(anonymous_11)
FNDA:0,(anonymous_12)
FNDA:0,(anonymous_13)
DA:1,0
DA:2,0
DA:3,0
DA:4,0
DA:5,0
DA:7,0
DA:8,0
DA:15,0
DA:16,0
DA:17,0
DA:18,0
DA:19,0
DA:20,0
DA:21,0
DA:22,0
DA:23,0
DA:24,0
DA:26,0
DA:27,0
DA:28,0
DA:33,0
DA:37,0
DA:38,0
DA:39,0
DA:40,0
DA:41,0
DA:43,0
DA:47,0
DA:51,0
LF:29
LH:0
BRDA:23,0,0,0
BRDA:27,1,0,0
BRDA:40,2,0,0
BRF:3
BRH:0
end_of_record
TN:
SF:src/components/boat.ts
FN:8,(anonymous_10)
FNF:1
FNH:0
FNDA:0,(anonymous_10)
DA:1,0
DA:2,0
DA:4,0
DA:5,0
DA:9,0
DA:10,0
DA:11,0
DA:13,0
DA:14,0
DA:15,0
DA:16,0
DA:18,0
DA:19,0
DA:21,0
DA:24,0
LF:15
LH:0
BRDA:18,0,0,0
BRF:1
BRH:0
end_of_record
TN:
SF:src/components/camera.ts
FN:11,(anonymous_10)
FN:26,(anonymous_11)
FN:35,onDocumentKeyDown
FN:52,onDocumentKeyUp
FN:85,(anonymous_14)
FN:97,(anonymous_15)
FN:112,(anonymous_16)
FN:140,(anonymous_17)
FN:145,(anonymous_18)
FN:149,(anonymous_19)
FN:153,(anonymous_20)
FN:157,(anonymous_21)
FN:161,(anonymous_22)
FN:165,(anonymous_23)
FN:169,(anonymous_24)
FN:177,(anonymous_25)
FN:182,(anonymous_26)
FN:194,(anonymous_27)
FN:209,(anonymous_28)
FNF:19
FNH:0
FNDA:0,(anonymous_10)
FNDA:0,(anonymous_11)
FNDA:0,onDocumentKeyDown
FNDA:0,onDocumentKeyUp
FNDA:0,(anonymous_14)
FNDA:0,(anonymous_15)
FNDA:0,(anonymous_16)
FNDA:0,(anonymous_17)
FNDA:0,(anonymous_18)
FNDA:0,(anonymous_19)
FNDA:0,(anonymous_20)
FNDA:0,(anonymous_21)
FNDA:0,(anonymous_22)
FNDA:0,(anonymous_23)
FNDA:0,(anonymous_24)
FNDA:0,(anonymous_25)
FNDA:0,(anonymous_26)
FNDA:0,(anonymous_27)
FNDA:0,(anonymous_28)
DA:1,0
DA:4,0
DA:5,0
DA:7,0
DA:8,0
DA:9,0
DA:11,0
DA:12,0
DA:13,0
DA:16,0
DA:17,0
DA:18,0
DA:19,0
DA:20,0
DA:21,0
DA:23,0
DA:24,0
DA:26,0
DA:27,0
DA:28,0
DA:29,0
DA:30,0
DA:31,0
DA:32,0
DA:36,0
DA:37,0
DA:38,0
DA:39,0
DA:40,0
DA:41,0
DA:42,0
DA:43,0
DA:44,0
DA:45,0
DA:46,0
DA:47,0
DA:48,0
DA:53,0
DA:54,0
DA:55,0
DA:56,0
DA:57,0
DA:58,0
DA:59,0
DA:60,0
DA:61,0
DA:62,0
DA:63,0
DA:64,0
DA:65,0
DA:73,0
DA:74,0
DA:75,0
DA:76,0
DA:77,0
DA:78,0
DA:80,0
DA:81,0
DA:82,0
DA:83,0
DA:93,0
DA:94,0
DA:98,0
DA:99,0
DA:108,0
DA:109,0
DA:113,0
DA:114,0
DA:116,0
DA:117,0
DA:118,0
DA:119,0
DA:121,0
DA:122,0
DA:123,0
DA:124,0
DA:125,0
DA:127,0
DA:129,0
DA:132,0
DA:133,0
DA:134,0
DA:135,0
DA:136,0
DA:137,0
DA:141,0
DA:142,0
DA:146,0
DA:150,0
DA:154,0
DA:158,0
DA:162,0
DA:166,0
DA:170,0
DA:171,0
DA:172,0
DA:173,0
DA:174,0
DA:184,0
DA:195,0
DA:196,0
DA:197,0
DA:198,0
DA:200,0
DA:201,0
DA:202,0
DA:204,0
DA:205,0
DA:206,0
DA:210,0
DA:211,0
DA:212,0
DA:214,0
DA:216,0
DA:217,0
DA:220,0
DA:225,0
DA:226,0
DA:230,0
LF:119
LH:0
BRDA:11,0,0,0
BRDA:11,0,1,0
BRDA:26,1,0,0
BRDA:26,1,1,0
BRDA:37,2,0,0
BRDA:37,2,1,0
BRDA:39,3,0,0
BRDA:39,3,1,0
BRDA:41,4,0,0
BRDA:41,4,1,0
BRDA:43,5,0,0
BRDA:43,5,1,0
BRDA:45,6,0,0
BRDA:45,6,1,0
BRDA:47,7,0,0
BRDA:54,8,0,0
BRDA:54,8,1,0
BRDA:56,9,0,0
BRDA:56,9,1,0
BRDA:58,10,0,0
BRDA:58,10,1,0
BRDA:60,11,0,0
BRDA:60,11,1,0
BRDA:62,12,0,0
BRDA:62,12,1,0
BRDA:64,13,0,0
BRDA:113,14,0,0
BRDA:116,15,0,0
BRDA:116,15,1,0
BRDA:118,16,0,0
BRDA:122,17,0,0
BRDA:122,17,1,0
BRDA:124,18,0,0
BRDA:132,19,0,0
BRDA:132,19,1,0
BRDA:133,20,0,0
BRDA:133,20,1,0
BRDA:134,21,0,0
BRDA:134,21,1,0
BRDA:135,22,0,0
BRDA:135,22,1,0
BRDA:136,23,0,0
BRDA:136,23,1,0
BRDA:137,24,0,0
BRDA:137,24,1,0
BRDA:180,25,0,0
BRDA:182,26,0,0
BRF:47
BRH:0
end_of_record
TN:
SF:src/components/cloud.ts
FN:8,(anonymous_9)
FN:26,(anonymous_10)
FN:52,(anonymous_11)
FN:67,(anonymous_12)
FN:89,(anonymous_13)
FN:95,(anonymous_14)
FN:98,(anonymous_15)
FN:99,(anonymous_16)
FN:105,(anonymous_17)
FN:108,(anonymous_18)
FNF:10
FNH:0
FNDA:0,(anonymous_9)
FNDA:0,(anonymous_10)
FNDA:0,(anonymous_11)
FNDA:0,(anonymous_12)
FNDA:0,(anonymous_13)
FNDA:0,(anonymous_14)
FNDA:0,(anonymous_15)
FNDA:0,(anonymous_16)
FNDA:0,(anonymous_17)
FNDA:0,(anonymous_18)
DA:1,0
DA:2,0
DA:3,0
DA:4,0
DA:8,0
DA:14,0
DA:15,0
DA:16,0
DA:17,0
DA:18,0
DA:19,0
DA:20,0
DA:21,0
DA:22,0
DA:23,0
DA:26,0
DA:27,0
DA:28,0
DA:29,0
DA:30,0
DA:32,0
DA:33,0
DA:34,0
DA:35,0
DA:37,0
DA:39,0
DA:40,0
DA:41,0
DA:42,0
DA:43,0
DA:44,0
DA:45,0
DA:46,0
DA:49,0
DA:52,0
DA:53,0
DA:54,0
DA:55,0
DA:56,0
DA:57,0
DA:58,0
DA:60,0
DA:61,0
DA:67,0
DA:68,0
DA:69,0
DA:70,0
DA:71,0
DA:72,0
DA:73,0
DA:75,0
DA:76,0
DA:90,0
DA:96,0
DA:97,0
DA:98,0
DA:99,0
DA:100,0
DA:101,0
DA:105,0
DA:106,0
DA:107,0
DA:108,0
DA:111,0
DA:112,0
DA:116,0
LF:66
LH:0
BRDA:27,0,0,0
BRDA:27,0,1,0
BRDA:27,0,2,0
BRDA:28,1,0,0
BRDA:28,1,1,0
BRDA:28,1,2,0
BRDA:29,2,0,0
BRDA:29,2,1,0
BRDA:29,2,2,0
BRF:9
BRH:0
end_of_record
TN:
SF:src/components/clouds.ts
FN:4,(anonymous_10)
FN:6,(anonymous_11)
FN:11,(anonymous_12)
FN:30,(anonymous_13)
FN:36,(anonymous_14)
FN:39,(anonymous_15)
FNF:6
FNH:0
FNDA:0,(anonymous_10)
FNDA:0,(anonymous_11)
FNDA:0,(anonymous_12)
FNDA:0,(anonymous_13)
FNDA:0,(anonymous_14)
FNDA:0,(anonymous_15)
DA:1,0
DA:2,0
DA:4,0
DA:6,0
DA:7,0
DA:8,0
DA:11,0
DA:12,0
DA:13,0
DA:14,0
DA:15,0
DA:16,0
DA:21,0
DA:22,0
DA:23,0
DA:24,0
DA:25,0
DA:26,0
DA:27,0
DA:30,0
DA:31,0
DA:37,0
DA:40,0
DA:41,0
DA:42,0
DA:43,0
DA:44,0
DA:45,0
DA:47,0
DA:48,0
DA:52,0
LF:31
LH:0
BRDA:8,0,0,0
BRDA:8,0,1,0
BRF:2
BRH:0
end_of_record
TN:
SF:src/components/common.ts
FNF:0
FNH:0
DA:1,0
DA:3,0
DA:4,0
DA:5,0
DA:6,0
LF:5
LH:0
BRF:0
BRH:0
end_of_record
TN:
SF:src/components/hangglider.ts
FN:27,(anonymous_10)
FN:62,(anonymous_11)
FN:66,(anonymous_12)
FNF:3
FNH:0
FNDA:0,(anonymous_10)
FNDA:0,(anonymous_11)
FNDA:0,(anonymous_12)
DA:1,0
DA:2,0
DA:3,0
DA:4,0
DA:6,0
DA:7,0
DA:9,0
DA:11,0
DA:28,0
DA:29,0
DA:32,0
DA:33,0
DA:34,0
DA:35,0
DA:38,0
DA:39,0
DA:40,0
DA:41,0
DA:42,0
DA:43,0
DA:44,0
DA:46,0
DA:47,0
DA:49,0
DA:50,0
DA:53,0
DA:54,0
DA:55,0
DA:58,0
DA:59,0
DA:63,0
DA:64,0
DA:66,0
DA:70,0
LF:34
LH:0
BRDA:49,0,0,0
BRDA:53,1,0,0
BRDA:63,2,0,0
BRF:3
BRH:0
end_of_record
TN:
SF:src/components/house.ts
FN:4,(anonymous_10)
FN:18,(anonymous_11)
FN:29,(anonymous_12)
FN:39,(anonymous_13)
FN:68,(anonymous_14)
FNF:5
FNH:0
FNDA:0,(anonymous_10)
FNDA:0,(anonymous_11)
FNDA:0,(anonymous_12)
FNDA:0,(anonymous_13)
FNDA:0,(anonymous_14)
DA:1,0
DA:2,0
DA:4,0
DA:5,0
DA:8,0
DA:9,0
DA:10,0
DA:11,0
DA:12,0
DA:13,0
DA:14,0
DA:15,0
DA:16,0
DA:18,0
DA:19,0
DA:20,0
DA:21,0
DA:22,0
DA:26,0
DA:30,0
DA:32,0
DA:33,0
DA:34,0
DA:35,0
DA:41,0
DA:42,0
DA:43,0
DA:46,0
DA:47,0
DA:48,0
DA:49,0
DA:51,0
DA:52,0
DA:53,0
DA:54,0
DA:55,0
DA:57,0
DA:58,0
DA:59,0
DA:60,0
DA:61,0
DA:62,0
DA:63,0
DA:64,0
DA:65,0
DA:69,0
DA:70,0
DA:72,0
DA:74,0
DA:75,0
DA:76,0
DA:77,0
DA:78,0
DA:81,0
DA:82,0
DA:83,0
DA:84,0
DA:87,0
DA:90,0
DA:91,0
DA:92,0
DA:93,0
DA:96,0
DA:97,0
DA:98,0
DA:99,0
DA:101,0
DA:102,0
DA:103,0
DA:104,0
DA:105,0
DA:108,0
DA:109,0
DA:110,0
DA:111,0
DA:112,0
DA:114,0
DA:115,0
DA:116,0
DA:117,0
DA:119,0
DA:120,0
DA:121,0
DA:122,0
DA:123,0
DA:127,0
DA:128,0
DA:129,0
DA:130,0
DA:132,0
DA:133,0
DA:134,0
DA:135,0
DA:137,0
DA:138,0
DA:139,0
DA:140,0
DA:141,0
DA:143,0
DA:144,0
DA:145,0
DA:146,0
DA:148,0
DA:152,0
DA:153,0
DA:156,0
DA:157,0
DA:158,0
DA:159,0
DA:162,0
DA:163,0
DA:164,0
DA:165,0
DA:168,0
DA:169,0
DA:170,0
DA:173,0
DA:177,0
LF:118
LH:0
BRDA:18,0,0,0
BRDA:18,0,1,0
BRDA:32,1,0,0
BRDA:32,1,1,0
BRDA:34,2,0,0
BRDA:42,3,0,0
BRDA:42,3,1,0
BRDA:70,4,0,0
BRDA:70,4,1,0
BRDA:72,5,0,0
BRDA:72,5,1,0
BRDA:91,6,0,0
BRDA:91,6,1,0
BRDA:101,7,0,0
BRDA:101,7,1,0
BRDA:123,8,0,0
BRDA:123,8,1,0
BRDA:141,9,0,0
BRDA:168,10,0,0
BRF:19
BRH:0
end_of_record
TN:
SF:src/components/island.ts
FN:20,(anonymous_10)
FN:34,(anonymous_11)
FNF:2
FNH:0
FNDA:0,(anonymous_10)
FNDA:0,(anonymous_11)
DA:1,0
DA:2,0
DA:3,0
DA:6,0
DA:8,0
DA:20,0
DA:21,0
DA:22,0
DA:27,0
DA:28,0
DA:33,0
DA:35,0
DA:39,0
LF:13
LH:0
BRF:0
BRH:0
end_of_record
TN:
SF:src/components/paraglider-voxel.ts
FN:20,(anonymous_10)
FN:24,(anonymous_11)
FN:28,(anonymous_12)
FN:32,(anonymous_13)
FN:37,(anonymous_14)
FN:40,(anonymous_15)
FN:45,(anonymous_16)
FN:48,(anonymous_17)
FN:51,(anonymous_18)
FN:55,(anonymous_19)
FN:62,(anonymous_20)
FNF:11
FNH:0
FNDA:0,(anonymous_10)
FNDA:0,(anonymous_11)
FNDA:0,(anonymous_12)
FNDA:0,(anonymous_13)
FNDA:0,(anonymous_14)
FNDA:0,(anonymous_15)
FNDA:0,(anonymous_16)
FNDA:0,(anonymous_17)
FNDA:0,(anonymous_18)
FNDA:0,(anonymous_19)
FNDA:0,(anonymous_20)
DA:1,0
DA:2,0
DA:3,0
DA:4,0
DA:21,0
DA:25,0
DA:29,0
DA:33,0
DA:34,0
DA:41,0
DA:42,0
DA:56,0
DA:57,0
DA:59,0
DA:63,0
DA:65,0
DA:67,0
DA:68,0
DA:69,0
DA:70,0
DA:73,0
DA:74,0
DA:76,0
DA:77,0
DA:78,0
DA:79,0
DA:80,0
DA:81,0
DA:83,0
DA:85,0
DA:86,0
DA:87,0
DA:90,0
DA:91,0
DA:92,0
DA:93,0
DA:98,0
LF:37
LH:0
BRDA:56,0,0,0
BRDA:85,1,0,0
BRF:2
BRH:0
end_of_record
TN:
SF:src/components/paraglider.ts
FN:20,(anonymous_10)
FN:24,(anonymous_11)
FN:28,(anonymous_12)
FN:32,(anonymous_13)
FN:38,(anonymous_14)
FN:42,(anonymous_15)
FN:48,(anonymous_16)
FN:52,(anonymous_17)
FN:56,(anonymous_18)
FN:61,(anonymous_19)
FN:68,(anonymous_20)
FNF:11
FNH:0
FNDA:0,(anonymous_10)
FNDA:0,(anonymous_11)
FNDA:0,(anonymous_12)
FNDA:0,(anonymous_13)
FNDA:0,(anonymous_14)
FNDA:0,(anonymous_15)
FNDA:0,(anonymous_16)
FNDA:0,(anonymous_17)
FNDA:0,(anonymous_18)
FNDA:0,(anonymous_19)
FNDA:0,(anonymous_20)
DA:1,0
DA:2,0
DA:3,0
DA:4,0
DA:21,0
DA:25,0
DA:29,0
DA:33,0
DA:34,0
DA:35,0
DA:39,0
DA:43,0
DA:44,0
DA:45,0
DA:49,0
DA:53,0
DA:57,0
DA:62,0
DA:63,0
DA:65,0
DA:69,0
DA:71,0
DA:73,0
DA:74,0
DA:75,0
DA:76,0
DA:79,0
DA:80,0
DA:82,0
DA:83,0
DA:84,0
DA:86,0
DA:88,0
DA:89,0
DA:90,0
DA:93,0
DA:94,0
DA:95,0
DA:96,0
DA:101,0
LF:40
LH:0
BRDA:62,0,0,0
BRDA:88,1,0,0
BRF:2
BRH:0
end_of_record
TN:
SF:src/components/pg-debug.ts
FN:10,getAttackAngleRadians
FN:14,(anonymous_10)
FN:25,(anonymous_11)
FN:37,(anonymous_12)
FN:43,(anonymous_13)
FN:52,(anonymous_14)
FN:62,(anonymous_15)
FNF:7
FNH:0
FNDA:0,getAttackAngleRadians
FNDA:0,(anonymous_10)
FNDA:0,(anonymous_11)
FNDA:0,(anonymous_12)
FNDA:0,(anonymous_13)
FNDA:0,(anonymous_14)
FNDA:0,(anonymous_15)
DA:1,0
DA:3,0
DA:11,0
DA:14,0
DA:19,0
DA:20,0
DA:21,0
DA:22,0
DA:25,0
DA:30,0
DA:31,0
DA:32,0
DA:33,0
DA:34,0
DA:37,0
DA:38,0
DA:39,0
DA:40,0
DA:43,0
DA:48,0
DA:49,0
DA:52,0
DA:57,0
DA:58,0
DA:59,0
DA:62,0
DA:63,0
DA:64,0
DA:65,0
DA:66,0
DA:67,0
DA:68,0
DA:69,0
LF:33
LH:0
BRF:0
BRH:0
end_of_record
TN:
SF:src/components/pilot-voxel.ts
FN:13,(anonymous_10)
FN:17,(anonymous_11)
FN:21,(anonymous_12)
FNF:3
FNH:0
FNDA:0,(anonymous_10)
FNDA:0,(anonymous_11)
FNDA:0,(anonymous_12)
DA:1,0
DA:2,0
DA:14,0
DA:18,0
DA:19,0
DA:20,0
DA:21,0
DA:22,0
DA:23,0
DA:26,0
DA:30,0
LF:11
LH:0
BRDA:22,0,0,0
BRF:1
BRH:0
end_of_record
TN:
SF:src/components/pilot.ts
FN:32,(anonymous_10)
FN:40,(anonymous_11)
FN:54,(anonymous_12)
FN:61,(anonymous_13)
FN:65,(anonymous_14)
FN:69,(anonymous_15)
FN:119,(anonymous_16)
FN:127,(anonymous_17)
FN:133,(anonymous_18)
FN:140,(anonymous_19)
FN:144,(anonymous_20)
FN:148,(anonymous_21)
FN:152,(anonymous_22)
FNF:13
FNH:0
FNDA:0,(anonymous_10)
FNDA:0,(anonymous_11)
FNDA:0,(anonymous_12)
FNDA:0,(anonymous_13)
FNDA:0,(anonymous_14)
FNDA:0,(anonymous_15)
FNDA:0,(anonymous_16)
FNDA:0,(anonymous_17)
FNDA:0,(anonymous_18)
FNDA:0,(anonymous_19)
FNDA:0,(anonymous_20)
FNDA:0,(anonymous_21)
FNDA:0,(anonymous_22)
DA:1,0
DA:2,0
DA:3,0
DA:4,0
DA:6,0
DA:32,0
DA:33,0
DA:40,0
DA:41,0
DA:42,0
DA:45,0
DA:55,0
DA:62,0
DA:66,0
DA:70,0
DA:72,0
DA:79,0
DA:80,0
DA:82,0
DA:85,0
DA:86,0
DA:87,0
DA:88,0
DA:89,0
DA:91,0
DA:92,0
DA:93,0
DA:94,0
DA:97,0
DA:98,0
DA:99,0
DA:101,0
DA:102,0
DA:103,0
DA:104,0
DA:106,0
DA:107,0
DA:108,0
DA:110,0
DA:111,0
DA:113,0
DA:114,0
DA:116,0
DA:120,0
DA:121,0
DA:122,0
DA:123,0
DA:124,0
DA:128,0
DA:129,0
DA:130,0
DA:134,0
DA:135,0
DA:137,0
DA:141,0
DA:145,0
DA:149,0
DA:153,0
DA:157,0
LF:59
LH:0
BRF:0
BRH:0
end_of_record
TN:
SF:src/components/pinetree.ts
FN:13,(anonymous_9)
FNF:1
FNH:0
FNDA:0,(anonymous_9)
DA:1,0
DA:2,0
DA:4,0
DA:14,0
DA:16,0
DA:17,0
DA:21,0
DA:22,0
DA:25,0
DA:26,0
DA:27,0
DA:28,0
DA:29,0
DA:31,0
DA:35,0
LF:15
LH:0
BRF:0
BRH:0
end_of_record
TN:
SF:src/components/sky.ts
FN:12,(anonymous_10)
FN:43,(anonymous_11)
FN:84,(anonymous_12)
FN:142,(anonymous_13)
FN:157,(anonymous_14)
FN:189,(anonymous_15)
FN:217,(anonymous_16)
FN:230,(anonymous_17)
FN:247,(anonymous_18)
FNF:9
FNH:0
FNDA:0,(anonymous_10)
FNDA:0,(anonymous_11)
FNDA:0,(anonymous_12)
FNDA:0,(anonymous_13)
FNDA:0,(anonymous_14)
FNDA:0,(anonymous_15)
FNDA:0,(anonymous_16)
FNDA:0,(anonymous_17)
FNDA:0,(anonymous_18)
DA:1,0
DA:2,0
DA:3,0
DA:7,0
DA:8,0
DA:9,0
DA:10,0
DA:12,0
DA:16,0
DA:17,0
DA:19,0
DA:20,0
DA:22,0
DA:23,0
DA:25,0
DA:26,0
DA:28,0
DA:29,0
DA:31,0
DA:32,0
DA:34,0
DA:35,0
DA:37,0
DA:38,0
DA:40,0
DA:43,0
DA:47,0
DA:49,0
DA:53,0
DA:56,0
DA:57,0
DA:67,0
DA:74,0
DA:89,0
DA:90,0
DA:91,0
DA:92,0
DA:97,0
DA:98,0
DA:99,0
DA:101,0
DA:102,0
DA:103,0
DA:104,0
DA:106,0
DA:110,0
DA:111,0
DA:112,0
DA:113,0
DA:114,0
DA:115,0
DA:119,0
DA:124,0
DA:129,0
DA:130,0
DA:139,0
DA:143,0
DA:144,0
DA:145,0
DA:146,0
DA:147,0
DA:150,0
DA:158,0
DA:159,0
DA:164,0
DA:165,0
DA:171,0
DA:176,0
DA:177,0
DA:178,0
DA:179,0
DA:186,0
DA:190,0
DA:194,0
DA:195,0
DA:198,0
DA:203,0
DA:204,0
DA:207,0
DA:211,0
DA:218,0
DA:219,0
DA:220,0
DA:221,0
DA:222,0
DA:225,0
DA:226,0
DA:227,0
DA:231,0
DA:232,0
DA:233,0
DA:234,0
DA:235,0
DA:236,0
DA:237,0
DA:240,0
DA:244,0
DA:248,0
LF:98
LH:0
BRDA:16,0,0,0
BRDA:19,1,0,0
BRDA:22,2,0,0
BRDA:25,3,0,0
BRDA:28,4,0,0
BRDA:31,5,0,0
BRDA:34,6,0,0
BRDA:37,7,0,0
BRDA:103,8,0,0
BRDA:103,8,1,0
BRDA:146,9,0,0
BRDA:164,10,0,0
BRDA:178,11,0,0
BRDA:203,12,0,0
BRDA:219,13,0,0
BRDA:221,14,0,0
BRF:16
BRH:0
end_of_record
TN:
SF:src/components/stone.ts
FN:6,(anonymous_9)
FNF:1
FNH:0
FNDA:0,(anonymous_9)
DA:2,0
DA:3,0
DA:7,0
DA:8,0
DA:9,0
DA:15,0
DA:16,0
DA:17,0
DA:18,0
DA:22,0
LF:10
LH:0
BRF:0
BRH:0
end_of_record
TN:
SF:src/components/tandem-pilot.ts
FN:5,(anonymous_10)
FN:12,(anonymous_11)
FN:22,(anonymous_12)
FN:55,(anonymous_13)
FN:97,(anonymous_14)
FN:101,(anonymous_15)
FN:133,(anonymous_16)
FNF:7
FNH:0
FNDA:0,(anonymous_10)
FNDA:0,(anonymous_11)
FNDA:0,(anonymous_12)
FNDA:0,(anonymous_13)
FNDA:0,(anonymous_14)
FNDA:0,(anonymous_15)
FNDA:0,(anonymous_16)
DA:1,0
DA:2,0
DA:5,0
DA:6,0
DA:12,0
DA:13,0
DA:14,0
DA:22,0
DA:23,0
DA:24,0
DA:26,0
DA:29,0
DA:30,0
DA:31,0
DA:32,0
DA:33,0
DA:34,0
DA:36,0
DA:37,0
DA:38,0
DA:41,0
DA:42,0
DA:43,0
DA:44,0
DA:45,0
DA:46,0
DA:48,0
DA:49,0
DA:50,0
DA:52,0
DA:55,0
DA:56,0
DA:57,0
DA:59,0
DA:61,0
DA:62,0
DA:63,0
DA:64,0
DA:65,0
DA:67,0
DA:68,0
DA:69,0
DA:70,0
DA:73,0
DA:74,0
DA:75,0
DA:77,0
DA:78,0
DA:79,0
DA:80,0
DA:82,0
DA:83,0
DA:85,0
DA:86,0
DA:88,0
DA:89,0
DA:91,0
DA:98,0
DA:102,0
DA:104,0
DA:106,0
DA:107,0
DA:108,0
DA:109,0
DA:110,0
DA:111,0
DA:112,0
DA:113,0
DA:116,0
DA:117,0
DA:118,0
DA:119,0
DA:121,0
DA:122,0
DA:124,0
DA:125,0
DA:127,0
DA:128,0
DA:130,0
DA:134,0
DA:136,0
DA:137,0
DA:138,0
DA:139,0
DA:140,0
DA:141,0
DA:143,0
DA:144,0
DA:145,0
DA:146,0
DA:147,0
DA:148,0
DA:149,0
DA:150,0
DA:154,0
LF:95
LH:0
BRDA:23,0,0,0
BRDA:23,0,1,0
BRDA:24,1,0,0
BRDA:24,1,1,0
BRDA:56,2,0,0
BRDA:56,2,1,0
BRDA:57,3,0,0
BRDA:57,3,1,0
BRDA:104,4,0,0
BRDA:104,4,1,0
BRDA:117,5,0,0
BRDA:117,5,1,0
BRF:12
BRH:0
end_of_record
TN:
SF:src/components/tandem.ts
FN:13,(anonymous_10)
FN:17,(anonymous_11)
FNF:2
FNH:0
FNDA:0,(anonymous_10)
FNDA:0,(anonymous_11)
DA:1,0
DA:2,0
DA:3,0
DA:14,0
DA:18,0
DA:20,0
DA:22,0
DA:23,0
DA:24,0
DA:25,0
DA:28,0
DA:29,0
DA:31,0
DA:32,0
DA:33,0
DA:35,0
DA:37,0
DA:41,0
LF:18
LH:0
BRF:0
BRH:0
end_of_record
TN:
SF:src/components/thermal.ts
FN:4,(anonymous_9)
FN:43,(anonymous_10)
FN:65,(anonymous_11)
FN:69,(anonymous_12)
FN:73,(anonymous_13)
FN:77,(anonymous_14)
FN:81,(anonymous_15)
FNF:7
FNH:0
FNDA:0,(anonymous_9)
FNDA:0,(anonymous_10)
FNDA:0,(anonymous_11)
FNDA:0,(anonymous_12)
FNDA:0,(anonymous_13)
FNDA:0,(anonymous_14)
FNDA:0,(anonymous_15)
DA:1,0
DA:4,0
DA:11,0
DA:18,0
DA:24,0
DA:25,0
DA:26,0
DA:28,0
DA:51,0
DA:52,0
DA:59,0
DA:60,0
DA:61,0
DA:62,0
DA:66,0
DA:70,0
DA:74,0
DA:78,0
DA:82,0
DA:86,0
LF:20
LH:0
BRDA:51,0,0,0
BRDA:51,0,1,0
BRF:2
BRH:0
end_of_record
TN:
SF:src/components/tree.ts
FN:10,(anonymous_9)
FNF:1
FNH:0
FNDA:0,(anonymous_9)
DA:2,0
DA:3,0
DA:4,0
DA:5,0
DA:6,0
DA:7,0
DA:11,0
DA:12,0
DA:15,0
DA:16,0
DA:17,0
DA:18,0
DA:19,0
DA:20,0
DA:21,0
DA:22,0
DA:23,0
DA:26,0
DA:27,0
DA:28,0
DA:29,0
DA:30,0
DA:31,0
DA:32,0
DA:33,0
DA:36,0
DA:37,0
DA:38,0
DA:39,0
DA:40,0
DA:41,0
DA:43,0
DA:44,0
DA:45,0
DA:46,0
DA:47,0
DA:48,0
DA:49,0
DA:51,0
DA:52,0
DA:53,0
DA:54,0
DA:55,0
DA:56,0
DA:58,0
DA:59,0
DA:60,0
DA:62,0
DA:63,0
DA:64,0
DA:66,0
DA:67,0
DA:68,0
DA:70,0
DA:71,0
DA:72,0
DA:74,0
DA:75,0
DA:76,0
DA:77,0
DA:83,0
DA:84,0
DA:85,0
DA:86,0
DA:88,0
DA:89,0
DA:90,0
DA:91,0
DA:92,0
DA:93,0
DA:94,0
DA:98,0
LF:72
LH:0
BRF:0
BRH:0
end_of_record
TN:
SF:src/components/video-frame.ts
FN:4,(anonymous_9)
FN:25,(anonymous_10)
FN:30,(anonymous_11)
FN:48,onClick
FNF:4
FNH:0
FNDA:0,(anonymous_9)
FNDA:0,(anonymous_10)
FNDA:0,(anonymous_11)
FNDA:0,onClick
DA:1,0
DA:4,0
DA:5,0
DA:6,0
DA:7,0
DA:8,0
DA:9,0
DA:10,0
DA:11,0
DA:20,0
DA:21,0
DA:23,0
DA:26,0
DA:31,0
DA:32,0
DA:33,0
DA:35,0
DA:36,0
DA:39,0
DA:45,0
DA:46,0
DA:50,0
DA:51,0
DA:54,0
DA:57,0
DA:59,0
DA:61,0
DA:62,0
DA:66,0
DA:67,0
LF:30
LH:0
BRDA:59,0,0,0
BRF:1
BRH:0
end_of_record
TN:
SF:src/components/water.ts
FN:15,(anonymous_10)
FN:19,(anonymous_11)
FN:29,animate
FN:38,(anonymous_13)
FNF:4
FNH:0
FNDA:0,(anonymous_10)
FNDA:0,(anonymous_11)
FNDA:0,animate
FNDA:0,(anonymous_13)
DA:1,0
DA:2,0
DA:3,0
DA:4,0
DA:6,0
DA:12,0
DA:16,0
DA:20,0
DA:21,0
DA:22,0
DA:23,0
DA:24,0
DA:25,0
DA:26,0
DA:27,0
DA:30,0
DA:31,0
DA:33,0
DA:39,0
DA:47,0
DA:48,0
DA:51,0
DA:52,0
DA:53,0
LF:24
LH:0
BRDA:21,0,0,0
BRDA:21,0,1,0
BRF:2
BRH:0
end_of_record
TN:
SF:src/components/wind-indicator.ts
FN:3,(anonymous_9)
FN:13,(anonymous_10)
FN:30,(anonymous_11)
FN:34,(anonymous_12)
FN:44,(anonymous_13)
FNF:5
FNH:0
FNDA:0,(anonymous_9)
FNDA:0,(anonymous_10)
FNDA:0,(anonymous_11)
FNDA:0,(anonymous_12)
FNDA:0,(anonymous_13)
DA:1,0
DA:3,0
DA:6,0
DA:7,0
DA:8,0
DA:9,0
DA:10,0
DA:13,0
DA:19,0
DA:25,0
DA:31,0
DA:35,0
DA:41,0
DA:45,0
DA:49,0
LF:15
LH:0
BRDA:23,0,0,0
BRDA:23,0,1,0
BRF:2
BRH:0
end_of_record
TN:
SF:src/components/base/auto-flier.ts
FN:5,(anonymous_9)
FN:11,(anonymous_10)
FN:15,(anonymous_11)
FN:19,(anonymous_12)
FNF:4
FNH:0
FNDA:0,(anonymous_9)
FNDA:0,(anonymous_10)
FNDA:0,(anonymous_11)
FNDA:0,(anonymous_12)
DA:1,0
DA:3,0
DA:6,0
DA:9,0
DA:12,0
DA:16,0
DA:20,0
DA:21,0
DA:24,0
DA:25,0
DA:26,0
DA:28,0
DA:29,0
DA:30,0
DA:32,0
DA:36,0
DA:40,0
LF:17
LH:0
BRDA:20,0,0,0
BRDA:28,1,0,0
BRDA:29,2,0,0
BRDA:29,2,1,0
BRF:4
BRH:0
end_of_record
TN:
SF:src/components/parts/cocoon-harness.ts
FN:3,(anonymous_9)
FN:28,(anonymous_10)
FN:32,(anonymous_11)
FN:33,(anonymous_12)
FNF:4
FNH:0
FNDA:0,(anonymous_9)
FNDA:0,(anonymous_10)
FNDA:0,(anonymous_11)
FNDA:0,(anonymous_12)
DA:1,0
DA:3,0
DA:4,0
DA:20,0
DA:21,0
DA:22,0
DA:29,0
DA:33,0
DA:34,0
DA:35,0
DA:36,0
DA:37,0
DA:38,0
DA:39,0
DA:40,0
DA:43,0
DA:44,0
DA:45,0
DA:47,0
DA:49,0
DA:51,0
DA:52,0
DA:53,0
DA:54,0
DA:55,0
DA:56,0
DA:58,0
DA:59,0
DA:60,0
DA:61,0
DA:62,0
DA:63,0
DA:64,0
DA:66,0
DA:67,0
DA:69,0
DA:70,0
DA:72,0
DA:73,0
DA:75,0
DA:76,0
DA:78,0
DA:79,0
DA:80,0
DA:81,0
DA:82,0
DA:83,0
DA:84,0
DA:87,0
DA:88,0
DA:89,0
DA:90,0
DA:92,0
DA:93,0
DA:94,0
DA:95,0
DA:97,0
DA:102,0
LF:58
LH:0
BRDA:43,0,0,0
BRDA:43,0,1,0
BRDA:44,1,0,0
BRDA:44,1,1,0
BRDA:45,2,0,0
BRDA:45,2,1,0
BRDA:47,3,0,0
BRDA:47,3,1,0
BRDA:58,4,0,0
BRDA:58,4,1,0
BRDA:88,5,0,0
BRDA:88,5,1,0
BRF:12
BRH:0
end_of_record
TN:
SF:src/components/parts/glider.ts
FN:37,(anonymous_10)
FN:50,(anonymous_11)
FN:153,(anonymous_12)
FN:174,(anonymous_13)
FN:181,(anonymous_14)
FN:185,(anonymous_15)
FN:189,(anonymous_16)
FN:194,(anonymous_17)
FN:212,(anonymous_18)
FNF:9
FNH:0
FNDA:0,(anonymous_10)
FNDA:0,(anonymous_11)
FNDA:0,(anonymous_12)
FNDA:0,(anonymous_13)
FNDA:0,(anonymous_14)
FNDA:0,(anonymous_15)
FNDA:0,(anonymous_16)
FNDA:0,(anonymous_17)
FNDA:0,(anonymous_18)
DA:1,0
DA:2,0
DA:4,0
DA:5,0
DA:6,0
DA:8,0
DA:10,0
DA:37,0
DA:43,0
DA:44,0
DA:45,0
DA:46,0
DA:47,0
DA:50,0
DA:51,0
DA:52,0
DA:53,0
DA:54,0
DA:59,0
DA:65,0
DA:66,0
DA:67,0
DA:68,0
DA:69,0
DA:70,0
DA:72,0
DA:74,0
DA:75,0
DA:76,0
DA:78,0
DA:79,0
DA:80,0
DA:81,0
DA:83,0
DA:85,0
DA:87,0
DA:88,0
DA:90,0
DA:91,0
DA:92,0
DA:94,0
DA:95,0
DA:96,0
DA:98,0
DA:100,0
DA:101,0
DA:103,0
DA:104,0
DA:106,0
DA:107,0
DA:109,0
DA:110,0
DA:111,0
DA:114,0
DA:115,0
DA:117,0
DA:118,0
DA:119,0
DA:121,0
DA:122,0
DA:125,0
DA:126,0
DA:127,0
DA:130,0
DA:131,0
DA:132,0
DA:135,0
DA:136,0
DA:137,0
DA:139,0
DA:140,0
DA:141,0
DA:144,0
DA:153,0
DA:154,0
DA:155,0
DA:156,0
DA:157,0
DA:158,0
DA:159,0
DA:160,0
DA:161,0
DA:162,0
DA:163,0
DA:175,0
DA:182,0
DA:186,0
DA:190,0
DA:191,0
DA:195,0
DA:197,0
DA:198,0
DA:200,0
DA:201,0
DA:202,0
DA:204,0
DA:205,0
DA:207,0
DA:208,0
DA:209,0
DA:213,0
DA:214,0
DA:215,0
DA:216,0
DA:217,0
DA:219,0
DA:223,0
LF:107
LH:0
BRDA:74,0,0,0
BRDA:74,0,1,0
BRDA:75,1,0,0
BRDA:75,1,1,0
BRDA:98,2,0,0
BRDA:154,3,0,0
BRDA:154,3,1,0
BRDA:208,4,0,0
BRDA:208,4,1,0
BRDA:214,5,0,0
BRF:10
BRH:0
end_of_record
TN:
SF:src/components/parts/pilot-head.ts
FN:8,(anonymous_0)
FN:12,(anonymous_1)
FN:45,(anonymous_2)
FN:52,(anonymous_3)
FNF:4
FNH:0
FNDA:0,(anonymous_0)
FNDA:0,(anonymous_1)
FNDA:0,(anonymous_2)
FNDA:0,(anonymous_3)
DA:2,0
DA:3,0
DA:4,0
DA:5,0
DA:6,0
DA:8,0
DA:9,0
DA:12,0
DA:13,0
DA:27,0
DA:46,0
DA:53,0
DA:55,0
DA:57,0
DA:59,0
DA:62,0
DA:67,0
LF:17
LH:0
BRDA:8,0,0,0
BRDA:8,0,1,0
BRDA:12,1,0,0
BRDA:12,1,1,0
BRDA:53,2,0,0
BRDA:53,2,1,0
BRDA:53,2,2,0
BRDA:53,2,3,0
BRDA:53,2,4,0
BRF:9
BRH:0
end_of_record
TN:
SF:src/components/parts/wing.ts
FN:13,(anonymous_10)
FN:26,(anonymous_11)
FN:52,(anonymous_12)
FNF:3
FNH:0
FNDA:0,(anonymous_10)
FNDA:0,(anonymous_11)
FNDA:0,(anonymous_12)
DA:1,0
DA:2,0
DA:4,0
DA:5,0
DA:7,0
DA:13,0
DA:19,0
DA:20,0
DA:21,0
DA:22,0
DA:23,0
DA:26,0
DA:27,0
DA:28,0
DA:29,0
DA:30,0
DA:31,0
DA:32,0
DA:33,0
DA:35,0
DA:36,0
DA:38,0
DA:40,0
DA:41,0
DA:42,0
DA:43,0
DA:45,0
DA:53,0
DA:55,0
DA:56,0
DA:57,0
DA:59,0
DA:60,0
DA:62,0
DA:63,0
DA:64,0
DA:65,0
DA:66,0
DA:68,0
DA:72,0
LF:40
LH:0
BRDA:42,0,0,0
BRDA:63,1,0,0
BRF:2
BRH:0
end_of_record
TN:
SF:src/components/parts/glasses/default.ts
FN:4,(anonymous_9)
FN:11,(anonymous_10)
FNF:2
FNH:0
FNDA:0,(anonymous_9)
FNDA:0,(anonymous_10)
DA:1,0
DA:4,0
DA:5,0
DA:11,0
DA:12,0
DA:14,0
DA:17,0
DA:18,0
DA:19,0
DA:20,0
DA:21,0
DA:24,0
DA:25,0
DA:26,0
DA:27,0
DA:28,0
DA:29,0
DA:32,0
DA:33,0
DA:34,0
DA:35,0
DA:36,0
DA:37,0
DA:38,0
DA:41,0
DA:43,0
DA:44,0
DA:45,0
DA:46,0
DA:47,0
DA:49,0
DA:50,0
DA:51,0
DA:52,0
DA:53,0
DA:54,0
DA:56,0
DA:59,0
LF:38
LH:0
BRDA:17,0,0,0
BRDA:17,0,1,0
BRDA:32,1,0,0
BRDA:32,1,1,0
BRF:4
BRH:0
end_of_record
TN:
SF:src/components/parts/glasses/sunglasses1.ts
FN:4,(anonymous_9)
FNF:1
FNH:0
FNDA:0,(anonymous_9)
DA:1,0
DA:4,0
DA:5,0
DA:7,0
DA:8,0
DA:10,0
DA:11,0
DA:12,0
DA:13,0
DA:15,0
DA:16,0
DA:17,0
DA:18,0
DA:19,0
DA:20,0
DA:22,0
DA:23,0
DA:24,0
DA:25,0
DA:26,0
DA:27,0
DA:29,0
DA:32,0
LF:23
LH:0
BRF:0
BRH:0
end_of_record
TN:
SF:src/components/parts/heads/BaseHead.ts
FN:11,(anonymous_9)
FN:15,(anonymous_10)
FN:22,(anonymous_11)
FNF:3
FNH:0
FNDA:0,(anonymous_9)
FNDA:0,(anonymous_10)
FNDA:0,(anonymous_11)
DA:1,0
DA:3,0
DA:4,0
DA:5,0
DA:6,0
DA:8,0
DA:12,0
DA:16,0
DA:23,0
DA:25,0
DA:27,0
DA:29,0
DA:31,0
LF:13
LH:0
BRDA:23,0,0,0
BRDA:23,0,1,0
BRDA:23,0,2,0
BRDA:23,0,3,0
BRF:4
BRH:0
end_of_record
TN:
SF:src/components/parts/heads/DefaultHead.ts
FN:10,(anonymous_10)
FNF:1
FNH:0
FNDA:0,(anonymous_10)
DA:1,0
DA:2,0
DA:3,0
DA:4,0
DA:5,0
DA:7,0
DA:11,0
DA:13,0
DA:14,0
DA:15,0
DA:16,0
DA:18,0
DA:20,0
DA:21,0
DA:23,0
DA:27,0
DA:28,0
DA:29,0
DA:30,0
DA:31,0
DA:32,0
DA:35,0
DA:36,0
DA:37,0
DA:38,0
DA:39,0
DA:40,0
DA:41,0
DA:43,0
LF:29
LH:0
BRDA:20,0,0,0
BRDA:20,0,1,0
BRF:2
BRH:0
end_of_record
TN:
SF:src/components/parts/heads/DevilHead.ts
FN:5,(anonymous_9)
FNF:1
FNH:0
FNDA:0,(anonymous_9)
DA:1,0
DA:2,0
DA:4,0
DA:6,0
DA:7,0
DA:8,0
DA:9,0
DA:10,0
DA:13,0
DA:14,0
DA:15,0
DA:18,0
DA:19,0
DA:20,0
DA:22,0
DA:23,0
DA:24,0
DA:25,0
DA:28,0
DA:29,0
DA:30,0
DA:32,0
DA:33,0
DA:36,0
DA:37,0
DA:38,0
DA:40,0
DA:41,0
DA:44,0
DA:45,0
DA:46,0
DA:47,0
DA:50,0
DA:51,0
DA:52,0
DA:55,0
DA:56,0
DA:57,0
DA:59,0
DA:60,0
DA:62,0
DA:63,0
DA:64,0
DA:65,0
DA:66,0
DA:67,0
DA:68,0
DA:69,0
DA:70,0
DA:71,0
DA:72,0
DA:74,0
DA:76,0
LF:53
LH:0
BRF:0
BRH:0
end_of_record
TN:
SF:src/components/parts/heads/SkeletonHead.ts
FN:7,(anonymous_9)
FNF:1
FNH:0
FNDA:0,(anonymous_9)
DA:1,0
DA:2,0
DA:4,0
DA:8,0
DA:9,0
DA:10,0
DA:11,0
DA:12,0
DA:13,0
DA:16,0
DA:17,0
DA:18,0
DA:21,0
DA:22,0
DA:23,0
DA:26,0
DA:27,0
DA:30,0
DA:31,0
DA:32,0
DA:33,0
DA:36,0
DA:37,0
DA:38,0
DA:41,0
DA:42,0
DA:43,0
DA:44,0
DA:47,0
DA:48,0
DA:49,0
DA:50,0
DA:51,0
DA:52,0
DA:55,0
DA:56,0
DA:57,0
DA:58,0
DA:59,0
DA:60,0
DA:64,0
DA:65,0
DA:66,0
DA:67,0
DA:68,0
DA:69,0
DA:70,0
DA:71,0
DA:72,0
DA:74,0
DA:75,0
DA:77,0
LF:52
LH:0
BRF:0
BRH:0
end_of_record
TN:
SF:src/components/parts/heads/WarriorHead.ts
FN:9,(anonymous_9)
FN:65,(anonymous_10)
FN:87,(anonymous_11)
FNF:3
FNH:0
FNDA:0,(anonymous_9)
FNDA:0,(anonymous_10)
FNDA:0,(anonymous_11)
DA:1,0
DA:2,0
DA:8,0
DA:10,0
DA:11,0
DA:16,0
DA:17,0
DA:19,0
DA:20,0
DA:21,0
DA:22,0
DA:24,0
DA:25,0
DA:26,0
DA:27,0
DA:29,0
DA:35,0
DA:41,0
DA:42,0
DA:44,0
DA:45,0
DA:46,0
DA:48,0
DA:49,0
DA:51,0
DA:52,0
DA:53,0
DA:55,0
DA:56,0
DA:57,0
DA:59,0
DA:60,0
DA:61,0
DA:62,0
DA:66,0
DA:67,0
DA:72,0
DA:73,0
DA:74,0
DA:76,0
DA:77,0
DA:79,0
DA:80,0
DA:82,0
DA:83,0
DA:84,0
DA:88,0
DA:89,0
DA:90,0
DA:91,0
DA:93,0
DA:94,0
DA:96,0
DA:97,0
DA:99,0
DA:100,0
DA:101,0
DA:102,0
DA:103,0
DA:105,0
DA:106,0
DA:107,0
DA:108,0
DA:110,0
DA:111,0
DA:112,0
DA:114,0
DA:116,0
DA:117,0
DA:118,0
DA:119,0
DA:120,0
DA:121,0
DA:123,0
LF:74
LH:0
BRF:0
BRH:0
end_of_record
TN:
SF:src/components/parts/helmets/BaseHelmet.ts
FN:7,(anonymous_9)
FN:11,(anonymous_10)
FNF:2
FNH:0
FNDA:0,(anonymous_9)
FNDA:0,(anonymous_10)
DA:1,0
DA:4,0
DA:8,0
DA:12,0
LF:4
LH:0
BRF:0
BRH:0
end_of_record
TN:
SF:src/components/parts/helmets/DefaultHelmet.ts
FN:5,(anonymous_9)
FNF:1
FNH:0
FNDA:0,(anonymous_9)
DA:1,0
DA:2,0
DA:4,0
DA:6,0
DA:9,0
DA:10,0
DA:11,0
DA:12,0
DA:13,0
DA:14,0
DA:15,0
DA:17,0
DA:18,0
DA:19,0
DA:20,0
DA:21,0
DA:22,0
DA:23,0
DA:25,0
DA:26,0
DA:27,0
DA:28,0
DA:29,0
DA:30,0
DA:31,0
DA:33,0
LF:26
LH:0
BRF:0
BRH:0
end_of_record
TN:
SF:src/components/parts/helmets/FullFaceHelmet.ts
FN:5,(anonymous_9)
FNF:1
FNH:0
FNDA:0,(anonymous_9)
DA:1,0
DA:2,0
DA:4,0
DA:6,0
DA:9,0
DA:10,0
DA:11,0
DA:12,0
DA:13,0
DA:16,0
DA:17,0
DA:18,0
DA:19,0
DA:20,0
DA:21,0
DA:24,0
DA:25,0
DA:26,0
DA:27,0
DA:28,0
DA:31,0
DA:32,0
DA:33,0
DA:34,0
DA:35,0
DA:36,0
DA:38,0
LF:27
LH:0
BRF:0
BRH:0
end_of_record
TN:
SF:src/components/parts/helmets/HelmetWithHorns.ts
FN:5,(anonymous_9)
FNF:1
FNH:0
FNDA:0,(anonymous_9)
DA:1,0
DA:2,0
DA:4,0
DA:6,0
DA:9,0
DA:10,0
DA:11,0
DA:12,0
DA:13,0
DA:16,0
DA:17,0
DA:19,0
DA:20,0
DA:21,0
DA:22,0
DA:24,0
DA:25,0
DA:26,0
DA:27,0
DA:30,0
DA:31,0
DA:32,0
DA:33,0
DA:34,0
DA:35,0
DA:37,0
LF:26
LH:0
BRF:0
BRH:0
end_of_record
TN:
SF:src/components/parts/helmets/types.ts
FN:1,(anonymous_0)
FNF:1
FNH:0
FNDA:0,(anonymous_0)
DA:1,0
DA:2,0
DA:3,0
DA:4,0
LF:4
LH:0
BRDA:1,0,0,0
BRDA:1,0,1,0
BRF:2
BRH:0
end_of_record
TN:
SF:src/elements/analytics.ts
FN:12,(anonymous_1)
FNF:1
FNH:0
FNDA:0,(anonymous_1)
DA:1,0
DA:2,0
DA:4,0
DA:5,0
DA:7,0
DA:13,0
DA:23,0
LF:7
LH:0
BRDA:16,0,0,0
BRDA:16,0,1,0
BRF:2
BRH:0
end_of_record
TN:
SF:src/elements/trajectory.ts
FN:3,(anonymous_9)
FN:15,(anonymous_10)
FN:33,(anonymous_11)
FN:43,(anonymous_12)
FN:45,(anonymous_13)
FN:52,(anonymous_14)
FN:53,(anonymous_15)
FN:57,(anonymous_16)
FN:61,(anonymous_17)
FNF:9
FNH:0
FNDA:0,(anonymous_9)
FNDA:0,(anonymous_10)
FNDA:0,(anonymous_11)
FNDA:0,(anonymous_12)
FNDA:0,(anonymous_13)
FNDA:0,(anonymous_14)
FNDA:0,(anonymous_15)
FNDA:0,(anonymous_16)
FNDA:0,(anonymous_17)
DA:1,0
DA:3,0
DA:4,0
DA:5,0
DA:6,0
DA:7,0
DA:15,0
DA:16,0
DA:17,0
DA:18,0
DA:19,0
DA:20,0
DA:21,0
DA:22,0
DA:23,0
DA:25,0
DA:34,0
DA:35,0
DA:38,0
DA:39,0
DA:40,0
DA:44,0
DA:45,0
DA:46,0
DA:47,0
DA:48,0
DA:49,0
DA:50,0
DA:52,0
DA:53,0
DA:54,0
DA:58,0
DA:62,0
DA:66,0
LF:34
LH:0
BRDA:3,0,0,0
BRDA:3,0,1,0
BRDA:16,1,0,0
BRDA:16,1,1,0
BRDA:18,2,0,0
BRDA:18,2,1,0
BRDA:20,3,0,0
BRDA:20,3,1,0
BRDA:22,4,0,0
BRDA:22,4,1,0
BRF:10
BRH:0
end_of_record
TN:
SF:src/stories/animation.tsx
FN:48,(anonymous_10)
FN:52,(anonymous_11)
FN:85,(anonymous_12)
FN:89,(anonymous_13)
FNF:4
FNH:0
FNDA:0,(anonymous_10)
FNDA:0,(anonymous_11)
FNDA:0,(anonymous_12)
FNDA:0,(anonymous_13)
DA:1,0
DA:2,0
DA:3,0
DA:5,0
DA:7,0
DA:8,0
DA:9,0
DA:10,0
DA:13,0
DA:24,0
DA:47,0
DA:49,0
DA:52,0
DA:53,0
DA:54,0
DA:55,0
DA:56,0
DA:57,0
DA:58,0
DA:62,0
DA:64,0
DA:65,0
DA:66,0
DA:67,0
DA:69,0
DA:70,0
DA:71,0
DA:72,0
DA:74,0
DA:76,0
DA:77,0
DA:81,0
DA:82,0
DA:84,0
DA:86,0
DA:89,0
DA:90,0
DA:92,0
DA:93,0
DA:94,0
DA:95,0
DA:97,0
DA:98,0
DA:99,0
DA:100,0
DA:103,0
DA:107,0
LF:47
LH:0
BRDA:90,0,0,0
BRF:1
BRH:0
end_of_record
TN:
SF:src/stories/clouds.tsx
FN:7,(anonymous_10)
FN:26,(anonymous_11)
FNF:2
FNH:0
FNDA:0,(anonymous_10)
FNDA:0,(anonymous_11)
DA:1,0
DA:2,0
DA:3,0
DA:6,0
DA:8,0
DA:9,0
DA:11,0
DA:12,0
DA:14,0
DA:15,0
DA:17,0
DA:18,0
DA:22,0
DA:23,0
DA:24,0
DA:26,0
DA:27,0
DA:28,0
DA:31,0
DA:32,0
DA:33,0
DA:34,0
DA:38,0
LF:23
LH:0
BRF:0
BRH:0
end_of_record
TN:
SF:src/stories/flier-pg.tsx
FN:19,(anonymous_10)
FN:73,(anonymous_11)
FNF:2
FNH:0
FNDA:0,(anonymous_10)
FNDA:0,(anonymous_11)
DA:1,0
DA:2,0
DA:3,0
DA:4,0
DA:5,0
DA:6,0
DA:7,0
DA:10,0
DA:12,0
DA:18,0
DA:20,0
DA:22,0
DA:23,0
DA:25,0
DA:27,0
DA:29,0
DA:30,0
DA:32,0
DA:37,0
DA:38,0
DA:43,0
DA:44,0
DA:45,0
DA:46,0
DA:47,0
DA:49,0
DA:57,0
DA:58,0
DA:59,0
DA:67,0
DA:69,0
DA:70,0
DA:71,0
DA:73,0
DA:74,0
DA:75,0
DA:76,0
DA:77,0
DA:78,0
DA:79,0
DA:83,0
DA:87,0
LF:42
LH:0
BRF:0
BRH:0
end_of_record
TN:
SF:src/stories/glider.tsx
FN:9,(anonymous_1)
FN:36,(anonymous_2)
FNF:2
FNH:0
FNDA:0,(anonymous_1)
FNDA:0,(anonymous_2)
DA:4,0
DA:5,0
DA:8,0
DA:11,0
DA:13,0
DA:15,0
DA:16,0
DA:18,0
DA:20,0
DA:22,0
DA:32,0
DA:33,0
DA:34,0
DA:36,0
DA:37,0
DA:38,0
DA:39,0
DA:42,0
DA:43,0
DA:47,0
LF:20
LH:0
BRF:0
BRH:0
end_of_record
TN:
SF:src/stories/hangglider.tsx
FN:10,(anonymous_10)
FN:26,(anonymous_11)
FNF:2
FNH:0
FNDA:0,(anonymous_10)
FNDA:0,(anonymous_11)
DA:1,0
DA:5,0
DA:6,0
DA:9,0
DA:11,0
DA:13,0
DA:14,0
DA:16,0
DA:18,0
DA:20,0
DA:21,0
DA:23,0
DA:24,0
DA:26,0
DA:27,0
DA:28,0
DA:31,0
DA:32,0
DA:33,0
DA:34,0
DA:38,0
LF:21
LH:0
BRF:0
BRH:0
end_of_record
TN:
SF:src/stories/head.tsx
FN:13,(anonymous_10)
FN:19,(anonymous_11)
FN:43,(anonymous_12)
FN:44,(anonymous_13)
FN:47,(anonymous_14)
FN:48,(anonymous_15)
FN:51,(anonymous_16)
FN:52,(anonymous_17)
FN:76,(anonymous_18)
FN:100,(anonymous_19)
FN:103,(anonymous_20)
FN:107,(anonymous_21)
FN:118,(anonymous_22)
FN:136,(anonymous_23)
FN:140,(anonymous_24)
FN:154,(anonymous_25)
FNF:16
FNH:0
FNDA:0,(anonymous_10)
FNDA:0,(anonymous_11)
FNDA:0,(anonymous_12)
FNDA:0,(anonymous_13)
FNDA:0,(anonymous_14)
FNDA:0,(anonymous_15)
FNDA:0,(anonymous_16)
FNDA:0,(anonymous_17)
FNDA:0,(anonymous_18)
FNDA:0,(anonymous_19)
FNDA:0,(anonymous_20)
FNDA:0,(anonymous_21)
FNDA:0,(anonymous_22)
FNDA:0,(anonymous_23)
FNDA:0,(anonymous_24)
FNDA:0,(anonymous_25)
DA:1,0
DA:4,0
DA:9,0
DA:10,0
DA:13,0
DA:14,0
DA:15,0
DA:18,0
DA:21,0
DA:23,0
DA:25,0
DA:26,0
DA:28,0
DA:30,0
DA:33,0
DA:34,0
DA:35,0
DA:36,0
DA:37,0
DA:38,0
DA:39,0
DA:40,0
DA:42,0
DA:43,0
DA:46,0
DA:47,0
DA:50,0
DA:51,0
DA:54,0
DA:60,0
DA:69,0
DA:72,0
DA:73,0
DA:74,0
DA:76,0
DA:77,0
DA:78,0
DA:81,0
DA:82,0
DA:83,0
DA:85,0
DA:88,0
DA:89,0
DA:90,0
DA:91,0
DA:92,0
DA:93,0
DA:94,0
DA:95,0
DA:96,0
DA:99,0
DA:100,0
DA:102,0
DA:103,0
DA:105,0
DA:107,0
DA:111,0
DA:115,0
DA:118,0
DA:119,0
DA:120,0
DA:121,0
DA:124,0
DA:126,0
DA:127,0
DA:129,0
DA:133,0
DA:136,0
DA:137,0
DA:140,0
DA:141,0
DA:142,0
DA:146,0
DA:149,0
DA:150,0
DA:151,0
DA:154,0
DA:155,0
DA:160,0
LF:79
LH:0
BRDA:105,0,0,0
BRDA:105,0,1,0
BRDA:112,1,0,0
BRDA:112,1,1,0
BRDA:141,2,0,0
BRF:5
BRH:0
end_of_record
TN:
SF:src/stories/helmet.tsx
FN:9,(anonymous_10)
FN:15,(anonymous_11)
FN:39,(anonymous_12)
FN:40,(anonymous_13)
FN:55,(anonymous_14)
FN:96,(anonymous_15)
FN:109,(anonymous_16)
FN:127,(anonymous_17)
FN:131,(anonymous_18)
FN:145,(anonymous_19)
FNF:10
FNH:0
FNDA:0,(anonymous_10)
FNDA:0,(anonymous_11)
FNDA:0,(anonymous_12)
FNDA:0,(anonymous_13)
FNDA:0,(anonymous_14)
FNDA:0,(anonymous_15)
FNDA:0,(anonymous_16)
FNDA:0,(anonymous_17)
FNDA:0,(anonymous_18)
FNDA:0,(anonymous_19)
DA:1,0
DA:2,0
DA:3,0
DA:4,0
DA:5,0
DA:6,0
DA:9,0
DA:10,0
DA:11,0
DA:14,0
DA:16,0
DA:18,0
DA:20,0
DA:21,0
DA:23,0
DA:25,0
DA:28,0
DA:29,0
DA:30,0
DA:31,0
DA:32,0
DA:33,0
DA:34,0
DA:35,0
DA:38,0
DA:39,0
DA:41,0
DA:51,0
DA:52,0
DA:53,0
DA:55,0
DA:57,0
DA:59,0
DA:61,0
DA:62,0
DA:64,0
DA:65,0
DA:67,0
DA:68,0
DA:70,0
DA:71,0
DA:74,0
DA:75,0
DA:78,0
DA:79,0
DA:80,0
DA:82,0
DA:85,0
DA:86,0
DA:87,0
DA:88,0
DA:89,0
DA:90,0
DA:91,0
DA:92,0
DA:93,0
DA:95,0
DA:96,0
DA:99,0
DA:106,0
DA:109,0
DA:110,0
DA:111,0
DA:112,0
DA:115,0
DA:117,0
DA:118,0
DA:120,0
DA:124,0
DA:127,0
DA:128,0
DA:131,0
DA:132,0
DA:133,0
DA:137,0
DA:140,0
DA:141,0
DA:142,0
DA:145,0
DA:146,0
DA:151,0
LF:81
LH:0
BRDA:59,0,0,0
BRDA:59,0,1,0
BRDA:59,0,2,0
BRDA:59,0,3,0
BRDA:132,1,0,0
BRF:5
BRH:0
end_of_record
TN:
SF:src/stories/index.ts
FNF:0
FNH:0
DA:2,0
DA:3,0
DA:4,0
DA:5,0
DA:6,0
DA:7,0
DA:8,0
DA:9,0
DA:10,0
DA:11,0
DA:12,0
DA:13,0
DA:14,0
DA:15,0
DA:16,0
DA:17,0
DA:18,0
DA:19,0
DA:22,0
DA:43,0
LF:20
LH:0
BRF:0
BRH:0
end_of_record
TN:
SF:src/stories/night.tsx
FN:7,(anonymous_0)
FN:14,(anonymous_1)
FNF:2
FNH:0
FNDA:0,(anonymous_0)
FNDA:0,(anonymous_1)
DA:6,0
DA:8,0
DA:10,0
DA:12,0
DA:14,0
DA:15,0
DA:16,0
DA:18,0
DA:19,0
DA:20,0
DA:21,0
DA:25,0
LF:12
LH:0
BRF:0
BRH:0
end_of_record
TN:
SF:src/stories/paraglider-voxel.tsx
FN:11,(anonymous_10)
FN:50,(anonymous_11)
FNF:2
FNH:0
FNDA:0,(anonymous_10)
FNDA:0,(anonymous_11)
DA:1,0
DA:4,0
DA:5,0
DA:6,0
DA:7,0
DA:10,0
DA:13,0
DA:15,0
DA:17,0
DA:18,0
DA:20,0
DA:22,0
DA:24,0
DA:36,0
DA:41,0
DA:46,0
DA:47,0
DA:48,0
DA:50,0
DA:51,0
DA:52,0
DA:55,0
DA:56,0
DA:57,0
DA:58,0
DA:62,0
LF:26
LH:0
BRF:0
BRH:0
end_of_record
TN:
SF:src/stories/paraglider.tsx
FN:8,(anonymous_10)
FN:52,(anonymous_11)
FNF:2
FNH:0
FNDA:0,(anonymous_10)
FNDA:0,(anonymous_11)
DA:1,0
DA:2,0
DA:3,0
DA:4,0
DA:7,0
DA:10,0
DA:11,0
DA:13,0
DA:14,0
DA:16,0
DA:18,0
DA:20,0
DA:31,0
DA:43,0
DA:48,0
DA:49,0
DA:50,0
DA:52,0
DA:53,0
DA:54,0
DA:57,0
DA:58,0
DA:59,0
DA:60,0
DA:64,0
LF:25
LH:0
BRF:0
BRH:0
end_of_record
TN:
SF:src/stories/photobooth.tsx
FN:182,(anonymous_10)
FN:191,(anonymous_11)
FN:201,(anonymous_12)
FN:211,(anonymous_13)
FN:233,(anonymous_14)
FNF:5
FNH:0
FNDA:0,(anonymous_10)
FNDA:0,(anonymous_11)
FNDA:0,(anonymous_12)
FNDA:0,(anonymous_13)
FNDA:0,(anonymous_14)
DA:1,0
DA:2,0
DA:3,0
DA:4,0
DA:5,0
DA:8,0
DA:10,0
DA:11,0
DA:12,0
DA:13,0
DA:14,0
DA:19,0
DA:25,0
DA:71,0
DA:94,0
DA:181,0
DA:183,0
DA:185,0
DA:187,0
DA:188,0
DA:191,0
DA:192,0
DA:193,0
DA:194,0
DA:195,0
DA:196,0
DA:197,0
DA:201,0
DA:202,0
DA:203,0
DA:204,0
DA:205,0
DA:206,0
DA:207,0
DA:211,0
DA:212,0
DA:213,0
DA:214,0
DA:215,0
DA:216,0
DA:217,0
DA:221,0
DA:223,0
DA:224,0
DA:225,0
DA:226,0
DA:228,0
DA:229,0
DA:230,0
DA:231,0
DA:233,0
DA:234,0
DA:235,0
DA:236,0
DA:238,0
DA:242,0
LF:56
LH:0
BRF:0
BRH:0
end_of_record
TN:
SF:src/stories/pilot.tsx
FN:11,(anonymous_1)
FN:44,(anonymous_2)
FN:68,(anonymous_3)
FNF:3
FNH:0
FNDA:0,(anonymous_1)
FNDA:0,(anonymous_2)
FNDA:0,(anonymous_3)
DA:4,0
DA:5,0
DA:6,0
DA:7,0
DA:10,0
DA:12,0
DA:14,0
DA:16,0
DA:17,0
DA:19,0
DA:21,0
DA:23,0
DA:43,0
DA:44,0
DA:45,0
DA:46,0
DA:47,0
DA:48,0
DA:49,0
DA:52,0
DA:64,0
DA:65,0
DA:66,0
DA:68,0
DA:69,0
DA:70,0
DA:73,0
DA:74,0
DA:75,0
DA:79,0
LF:30
LH:0
BRF:0
BRH:0
end_of_record
TN:
SF:src/stories/terrain.tsx
FN:5,(anonymous_10)
FN:20,(anonymous_11)
FN:34,(anonymous_12)
FN:49,(anonymous_13)
FN:62,(anonymous_14)
FN:72,(anonymous_15)
FNF:6
FNH:0
FNDA:0,(anonymous_10)
FNDA:0,(anonymous_11)
FNDA:0,(anonymous_12)
FNDA:0,(anonymous_13)
FNDA:0,(anonymous_14)
FNDA:0,(anonymous_15)
DA:1,0
DA:2,0
DA:5,0
DA:6,0
DA:15,0
DA:16,0
DA:17,0
DA:20,0
DA:21,0
DA:29,0
DA:30,0
DA:31,0
DA:34,0
DA:35,0
DA:44,0
DA:45,0
DA:46,0
DA:49,0
DA:50,0
DA:51,0
DA:56,0
DA:57,0
DA:58,0
DA:61,0
DA:63,0
DA:65,0
DA:67,0
DA:68,0
DA:70,0
DA:72,0
DA:73,0
DA:74,0
DA:75,0
DA:77,0
DA:79,0
DA:80,0
DA:81,0
DA:83,0
DA:84,0
DA:86,0
DA:87,0
DA:89,0
DA:90,0
DA:92,0
DA:93,0
DA:94,0
DA:95,0
DA:97,0
DA:101,0
LF:49
LH:0
BRF:0
BRH:0
end_of_record
TN:
SF:src/stories/workshop.tsx
FN:10,(anonymous_10)
FN:40,(anonymous_11)
FN:120,(anonymous_12)
FN:123,(anonymous_13)
FNF:4
FNH:0
FNDA:0,(anonymous_10)
FNDA:0,(anonymous_11)
FNDA:0,(anonymous_12)
FNDA:0,(anonymous_13)
DA:1,0
DA:2,0
DA:3,0
DA:4,0
DA:5,0
DA:6,0
DA:7,0
DA:10,0
DA:11,0
DA:12,0
DA:13,0
DA:14,0
DA:16,0
DA:17,0
DA:18,0
DA:19,0
DA:20,0
DA:21,0
DA:22,0
DA:25,0
DA:26,0
DA:32,0
DA:33,0
DA:34,0
DA:35,0
DA:36,0
DA:39,0
DA:42,0
DA:44,0
DA:46,0
DA:47,0
DA:49,0
DA:51,0
DA:53,0
DA:60,0
DA:70,0
DA:74,0
DA:75,0
DA:76,0
DA:77,0
DA:79,0
DA:80,0
DA:81,0
DA:82,0
DA:84,0
DA:86,0
DA:87,0
DA:88,0
DA:89,0
DA:90,0
DA:91,0
DA:93,0
DA:94,0
DA:95,0
DA:96,0
DA:97,0
DA:98,0
DA:100,0
DA:101,0
DA:102,0
DA:103,0
DA:104,0
DA:105,0
DA:107,0
DA:108,0
DA:109,0
DA:110,0
DA:111,0
DA:112,0
DA:114,0
DA:115,0
DA:116,0
DA:117,0
DA:118,0
DA:120,0
DA:121,0
DA:123,0
DA:124,0
DA:127,0
DA:128,0
DA:131,0
DA:132,0
DA:133,0
DA:134,0
DA:138,0
LF:85
LH:0
BRDA:16,0,0,0
BRF:1
BRH:0
end_of_record
TN:
SF:src/stories/env/environment.ts
FN:23,(anonymous_10)
FN:27,(anonymous_11)
FN:32,(anonymous_12)
FN:38,(anonymous_13)
FN:44,(anonymous_14)
FN:64,(anonymous_15)
FN:119,(anonymous_16)
FN:127,(anonymous_17)
FN:130,(anonymous_18)
FN:147,(anonymous_19)
FN:179,(anonymous_20)
FN:181,(anonymous_21)
FN:187,(anonymous_22)
FN:218,(anonymous_23)
FN:225,(anonymous_24)
FN:227,(anonymous_25)
FN:249,(anonymous_26)
FN:258,(anonymous_27)
FN:268,(anonymous_28)
FNF:19
FNH:0
FNDA:0,(anonymous_10)
FNDA:0,(anonymous_11)
FNDA:0,(anonymous_12)
FNDA:0,(anonymous_13)
FNDA:0,(anonymous_14)
FNDA:0,(anonymous_15)
FNDA:0,(anonymous_16)
FNDA:0,(anonymous_17)
FNDA:0,(anonymous_18)
FNDA:0,(anonymous_19)
FNDA:0,(anonymous_20)
FNDA:0,(anonymous_21)
FNDA:0,(anonymous_22)
FNDA:0,(anonymous_23)
FNDA:0,(anonymous_24)
FNDA:0,(anonymous_25)
FNDA:0,(anonymous_26)
FNDA:0,(anonymous_27)
FNDA:0,(anonymous_28)
DA:1,0
DA:2,0
DA:5,0
DA:6,0
DA:7,0
DA:8,0
DA:9,0
DA:10,0
DA:11,0
DA:12,0
DA:13,0
DA:14,0
DA:20,0
DA:24,0
DA:28,0
DA:29,0
DA:33,0
DA:34,0
DA:35,0
DA:39,0
DA:40,0
DA:41,0
DA:45,0
DA:46,0
DA:47,0
DA:48,0
DA:55,0
DA:65,0
DA:66,0
DA:68,0
DA:77,0
DA:87,0
DA:97,0
DA:107,0
DA:120,0
DA:121,0
DA:122,0
DA:123,0
DA:124,0
DA:128,0
DA:131,0
DA:132,0
DA:133,0
DA:134,0
DA:148,0
DA:149,0
DA:150,0
DA:159,0
DA:168,0
DA:180,0
DA:181,0
DA:182,0
DA:184,0
DA:189,0
DA:196,0
DA:213,0
DA:215,0
DA:223,0
DA:225,0
DA:226,0
DA:228,0
DA:229,0
DA:238,0
DA:249,0
DA:250,0
DA:254,0
DA:259,0
DA:263,0
DA:265,0
DA:269,0
DA:273,0
LF:71
LH:0
BRDA:28,0,0,0
BRDA:28,0,1,0
BRDA:29,1,0,0
BRDA:29,1,1,0
BRDA:147,2,0,0
BRDA:179,3,0,0
BRDA:187,4,0,0
BRDA:228,5,0,0
BRDA:228,5,1,0
BRF:9
BRH:0
end_of_record
TN:
SF:src/stories/env/mesh-utils.ts
FN:4,(anonymous_9)
FN:8,(anonymous_10)
FN:23,(anonymous_11)
FNF:3
FNH:0
FNDA:0,(anonymous_9)
FNDA:0,(anonymous_10)
FNDA:0,(anonymous_11)
DA:1,0
DA:2,0
DA:4,0
DA:5,0
DA:8,0
DA:9,0
DA:13,0
DA:14,0
DA:15,0
DA:17,0
DA:23,0
DA:32,0
DA:33,0
DA:35,0
DA:36,0
DA:38,0
DA:41,0
DA:43,0
DA:45,0
DA:46,0
DA:47,0
DA:48,0
DA:49,0
DA:50,0
DA:51,0
DA:53,0
DA:54,0
DA:55,0
DA:57,0
DA:58,0
DA:59,0
DA:60,0
DA:61,0
DA:62,0
DA:64,0
LF:35
LH:0
BRDA:14,0,0,0
BRDA:14,0,1,0
BRDA:35,1,0,0
BRDA:35,1,1,0
BRDA:41,2,0,0
BRDA:41,2,1,0
BRDA:43,3,0,0
BRDA:43,3,1,0
BRDA:46,4,0,0
BRDA:61,5,0,0
BRF:10
BRH:0
end_of_record
TN:
SF:src/stories/env/thermal-utils.ts
FN:7,(anonymous_1)
FN:21,(anonymous_2)
FN:34,(anonymous_3)
FNF:3
FNH:0
FNDA:0,(anonymous_1)
FNDA:0,(anonymous_2)
FNDA:0,(anonymous_3)
DA:3,0
DA:4,0
DA:7,0
DA:8,0
DA:21,0
DA:25,0
DA:26,0
DA:27,0
DA:34,0
DA:38,0
DA:41,0
DA:50,0
DA:56,0
DA:64,0
LF:14
LH:0
BRDA:25,0,0,0
BRDA:25,0,1,0
BRDA:26,1,0,0
BRDA:26,1,1,0
BRDA:38,2,0,0
BRDA:38,2,1,0
BRF:6
BRH:0
end_of_record
TN:
SF:src/stories/flyzones/animation/loop.ts
FN:10,(anonymous_0)
FN:19,(anonymous_1)
FN:32,(anonymous_2)
FNF:3
FNH:0
FNDA:0,(anonymous_0)
FNDA:0,(anonymous_1)
FNDA:0,(anonymous_2)
DA:2,0
DA:3,0
DA:7,0
DA:8,0
DA:10,0
DA:19,0
DA:20,0
DA:21,0
DA:22,0
DA:23,0
DA:26,0
DA:29,0
DA:32,0
DA:33,0
DA:36,0
DA:39,0
DA:41,0
DA:43,0
DA:44,0
DA:46,0
DA:47,0
DA:49,0
DA:53,0
DA:54,0
DA:57,0
DA:58,0
DA:59,0
DA:60,0
DA:61,0
DA:69,0
LF:30
LH:0
BRDA:33,0,0,0
BRDA:41,1,0,0
BRDA:41,1,1,0
BRDA:44,2,0,0
BRDA:44,2,1,0
BRDA:47,3,0,0
BRDA:49,4,0,0
BRDA:49,4,1,0
BRDA:53,5,0,0
BRDA:53,5,1,0
BRDA:57,6,0,0
BRDA:58,7,0,0
BRDA:59,8,0,0
BRDA:60,9,0,0
BRF:14
BRH:0
end_of_record
TN:
SF:src/stories/flyzones/config/flyzone-config.ts
FN:56,(anonymous_0)
FN:64,(anonymous_1)
FNF:2
FNH:0
FNDA:0,(anonymous_0)
FNDA:0,(anonymous_1)
DA:2,0
DA:9,0
DA:35,0
DA:54,0
DA:56,0
DA:64,0
DA:65,0
DA:66,0
DA:72,0
DA:73,0
DA:79,0
DA:80,0
DA:86,0
LF:13
LH:0
BRDA:65,0,0,0
BRDA:72,1,0,0
BRDA:79,2,0,0
BRF:3
BRH:0
end_of_record
TN:
SF:src/stories/flyzones/config/gps-config.ts
FNF:0
FNH:0
DA:1,0
DA:5,0
LF:2
LH:0
BRF:0
BRH:0
end_of_record
TN:
SF:src/stories/flyzones/config/index.ts
FN:19,(anonymous_4)
FN:24,(anonymous_5)
FNF:2
FNH:0
FNDA:0,(anonymous_4)
FNDA:0,(anonymous_5)
DA:2,0
DA:3,0
DA:4,0
DA:5,0
DA:6,0
DA:9,0
DA:19,0
DA:20,0
DA:24,0
DA:25,0
DA:26,0
LF:11
LH:0
BRF:0
BRH:0
end_of_record
TN:
SF:src/stories/flyzones/config/marker-config.ts
FNF:0
FNH:0
DA:1,0
DA:4,0
DA:11,0
DA:18,0
DA:21,0
DA:23,0
LF:6
LH:0
BRF:0
BRH:0
end_of_record
TN:
SF:src/stories/flyzones/config/wind-config.ts
FNF:0
FNH:0
DA:2,0
LF:1
LH:0
BRF:0
BRH:0
end_of_record
TN:
SF:src/stories/flyzones/events/mouse.ts
FN:4,(anonymous_9)
FN:12,(anonymous_10)
FN:51,(anonymous_11)
FNF:3
FNH:0
FNDA:0,(anonymous_9)
FNDA:0,(anonymous_10)
FNDA:0,(anonymous_11)
DA:1,0
DA:2,0
DA:4,0
DA:9,0
DA:10,0
DA:12,0
DA:14,0
DA:15,0
DA:19,0
DA:20,0
DA:23,0
DA:26,0
DA:29,0
DA:30,0
DA:31,0
DA:33,0
DA:34,0
DA:39,0
DA:48,0
DA:51,0
DA:52,0
LF:21
LH:0
BRDA:14,0,0,0
BRDA:29,1,0,0
BRF:2
BRH:0
end_of_record
TN:
SF:src/stories/flyzones/helpers/flyzone.ts
FN:7,(anonymous_9)
FN:12,(anonymous_10)
FN:17,(anonymous_11)
FN:83,(anonymous_12)
FN:110,(anonymous_13)
FNF:5
FNH:0
FNDA:0,(anonymous_9)
FNDA:0,(anonymous_10)
FNDA:0,(anonymous_11)
FNDA:0,(anonymous_12)
FNDA:0,(anonymous_13)
DA:1,0
DA:3,0
DA:4,0
DA:5,0
DA:7,0
DA:8,0
DA:9,0
DA:12,0
DA:17,0
DA:19,0
DA:26,0
DA:27,0
DA:29,0
DA:30,0
DA:32,0
DA:33,0
DA:35,0
DA:36,0
DA:38,0
DA:41,0
DA:49,0
DA:50,0
DA:53,0
DA:61,0
DA:64,0
DA:72,0
DA:77,0
DA:78,0
DA:79,0
DA:82,0
DA:83,0
DA:84,0
DA:85,0
DA:86,0
DA:91,0
DA:99,0
DA:104,0
DA:107,0
DA:110,0
DA:112,0
DA:119,0
DA:125,0
DA:128,0
DA:134,0
DA:140,0
DA:141,0
DA:144,0
DA:145,0
DA:146,0
DA:149,0
DA:153,0
DA:155,0
LF:52
LH:0
BRDA:27,0,0,0
BRDA:27,0,1,0
BRDA:27,0,2,0
BRDA:27,0,3,0
BRDA:38,1,0,0
BRDA:38,1,1,0
BRDA:82,2,0,0
BRDA:85,3,0,0
BRF:8
BRH:0
end_of_record
TN:
SF:src/stories/flyzones/helpers/gps.ts
FN:32,gpsToWorld
FN:63,worldToGPS
FNF:2
FNH:0
FNDA:0,gpsToWorld
FNDA:0,worldToGPS
DA:1,0
DA:2,0
DA:26,0
DA:27,0
DA:32,0
DA:40,0
DA:41,0
DA:42,0
DA:45,0
DA:46,0
DA:49,0
DA:50,0
DA:53,0
DA:63,0
DA:69,0
DA:70,0
DA:71,0
DA:74,0
DA:75,0
DA:78,0
DA:79,0
DA:81,0
DA:89,0
DA:90,0
LF:24
LH:0
BRDA:35,0,0,0
BRDA:36,1,0,0
BRDA:37,2,0,0
BRDA:65,3,0,0
BRDA:66,4,0,0
BRF:5
BRH:0
end_of_record
TN:
SF:src/stories/flyzones/helpers/index.ts
FN:3,(anonymous_4)
FN:4,(anonymous_5)
FN:5,(anonymous_6)
FN:6,(anonymous_7)
FN:7,(anonymous_8)
FN:8,(anonymous_9)
FN:9,(anonymous_10)
FN:10,(anonymous_11)
FN:11,(anonymous_12)
FN:15,(anonymous_13)
FN:23,(anonymous_14)
FN:24,(anonymous_15)
FN:25,(anonymous_16)
FN:25,(anonymous_17)
FN:25,(anonymous_18)
FN:25,(anonymous_19)
FN:25,(anonymous_20)
FNF:17
FNH:0
FNDA:0,(anonymous_4)
FNDA:0,(anonymous_5)
FNDA:0,(anonymous_6)
FNDA:0,(anonymous_7)
FNDA:0,(anonymous_8)
FNDA:0,(anonymous_9)
FNDA:0,(anonymous_10)
FNDA:0,(anonymous_11)
FNDA:0,(anonymous_12)
FNDA:0,(anonymous_13)
FNDA:0,(anonymous_14)
FNDA:0,(anonymous_15)
FNDA:0,(anonymous_16)
FNDA:0,(anonymous_17)
FNDA:0,(anonymous_18)
FNDA:0,(anonymous_19)
FNDA:0,(anonymous_20)
DA:2,0
DA:3,0
DA:4,0
DA:5,0
DA:6,0
DA:7,0
DA:8,0
DA:9,0
DA:10,0
DA:11,0
DA:15,0
DA:18,0
DA:19,0
DA:20,0
DA:23,0
DA:24,0
DA:25,0
LF:17
LH:0
BRF:0
BRH:0
end_of_record
TN:
SF:src/stories/flyzones/helpers/popup.ts
FN:5,(anonymous_0)
FN:14,(anonymous_1)
FN:15,(anonymous_2)
FN:33,(anonymous_3)
FN:45,(anonymous_4)
FN:54,(anonymous_5)
FN:60,(anonymous_6)
FN:67,(anonymous_7)
FNF:8
FNH:0
FNDA:0,(anonymous_0)
FNDA:0,(anonymous_1)
FNDA:0,(anonymous_2)
FNDA:0,(anonymous_3)
FNDA:0,(anonymous_4)
FNDA:0,(anonymous_5)
FNDA:0,(anonymous_6)
FNDA:0,(anonymous_7)
DA:1,0
DA:5,0
DA:6,0
DA:7,0
DA:8,0
DA:9,0
DA:10,0
DA:11,0
DA:14,0
DA:15,0
DA:16,0
DA:21,0
DA:33,0
DA:43,0
DA:45,0
DA:46,0
DA:47,0
DA:49,0
DA:54,0
DA:55,0
DA:56,0
DA:58,0
DA:59,0
DA:60,0
DA:61,0
DA:62,0
DA:67,0
DA:68,0
DA:69,0
DA:70,0
DA:73,0
DA:74,0
DA:75,0
DA:76,0
DA:77,0
LF:35
LH:0
BRDA:16,0,0,0
BRDA:16,0,1,0
BRDA:17,1,0,0
BRDA:17,1,1,0
BRDA:24,2,0,0
BRDA:24,2,1,0
BRDA:46,3,0,0
BRDA:46,3,1,0
BRDA:46,4,0,0
BRDA:46,4,1,0
BRDA:59,5,0,0
BRDA:69,6,0,0
BRF:12
BRH:0
end_of_record
TN:
SF:src/stories/flyzones/helpers/ruler.ts
FN:18,(anonymous_9)
FN:30,(anonymous_10)
FN:113,(anonymous_11)
FN:121,(anonymous_12)
FN:133,(anonymous_13)
FN:144,(anonymous_14)
FNF:6
FNH:0
FNDA:0,(anonymous_9)
FNDA:0,(anonymous_10)
FNDA:0,(anonymous_11)
FNDA:0,(anonymous_12)
FNDA:0,(anonymous_13)
FNDA:0,(anonymous_14)
DA:1,0
DA:2,0
DA:3,0
DA:18,0
DA:19,0
DA:21,0
DA:22,0
DA:23,0
DA:24,0
DA:25,0
DA:27,0
DA:28,0
DA:30,0
DA:31,0
DA:34,0
DA:35,0
DA:38,0
DA:41,0
DA:43,0
DA:44,0
DA:46,0
DA:48,0
DA:51,0
DA:52,0
DA:53,0
DA:54,0
DA:55,0
DA:56,0
DA:58,0
DA:60,0
DA:63,0
DA:64,0
DA:65,0
DA:66,0
DA:67,0
DA:68,0
DA:71,0
DA:72,0
DA:73,0
DA:74,0
DA:75,0
DA:78,0
DA:81,0
DA:82,0
DA:83,0
DA:85,0
DA:86,0
DA:87,0
DA:88,0
DA:89,0
DA:92,0
DA:93,0
DA:95,0
DA:96,0
DA:100,0
DA:104,0
DA:107,0
DA:108,0
DA:113,0
DA:114,0
DA:115,0
DA:118,0
DA:121,0
DA:122,0
DA:123,0
DA:126,0
DA:129,0
DA:130,0
DA:133,0
DA:134,0
DA:139,0
DA:144,0
DA:146,0
LF:73
LH:0
BRDA:31,0,0,0
BRDA:43,1,0,0
BRDA:46,2,0,0
BRDA:46,2,1,0
BRDA:58,3,0,0
BRDA:134,4,0,0
BRDA:135,5,0,0
BRDA:135,5,1,0
BRDA:135,5,2,0
BRF:9
BRH:0
end_of_record
TN:
SF:src/stories/flyzones/helpers/screen.ts
FN:5,(anonymous_0)
FNF:1
FNH:0
FNDA:0,(anonymous_0)
DA:5,0
DA:11,0
DA:14,0
DA:17,0
DA:18,0
DA:19,0
DA:21,0
DA:22,0
DA:24,0
LF:9
LH:0
BRDA:18,0,0,0
BRDA:18,0,1,0
BRDA:19,1,0,0
BRDA:19,1,1,0
BRF:4
BRH:0
end_of_record
TN:
SF:src/stories/flyzones/helpers/types.ts
FN:4,(anonymous_0)
FNF:1
FNH:0
FNDA:0,(anonymous_0)
DA:4,0
DA:5,0
DA:6,0
DA:7,0
LF:4
LH:0
BRDA:4,0,0,0
BRDA:4,0,1,0
BRF:2
BRH:0
end_of_record
TN:
SF:src/stories/flyzones/helpers/wind.ts
FN:5,(anonymous_9)
FN:51,(anonymous_10)
FN:58,(anonymous_11)
FNF:3
FNH:0
FNDA:0,(anonymous_9)
FNDA:0,(anonymous_10)
FNDA:0,(anonymous_11)
DA:1,0
DA:5,0
DA:12,0
DA:15,0
DA:16,0
DA:17,0
DA:18,0
DA:21,0
DA:22,0
DA:23,0
DA:24,0
DA:25,0
DA:28,0
DA:29,0
DA:32,0
DA:36,0
DA:37,0
DA:40,0
DA:41,0
DA:44,0
DA:45,0
DA:47,0
DA:51,0
DA:55,0
DA:58,0
DA:59,0
DA:61,0
DA:63,0
DA:64,0
DA:67,0
DA:68,0
DA:70,0
DA:71,0
DA:74,0
DA:77,0
DA:78,0
DA:79,0
DA:80,0
DA:81,0
DA:84,0
DA:85,0
DA:86,0
DA:87,0
DA:88,0
DA:91,0
LF:45
LH:0
BRDA:9,0,0,0
BRDA:59,1,0,0
BRDA:59,1,1,0
BRDA:61,2,0,0
BRF:4
BRH:0
end_of_record
TN:
SF:src/stories/flyzones/locations/famara.ts
FN:220,(anonymous_9)
FN:223,(anonymous_10)
FNF:2
FNH:0
FNDA:0,(anonymous_9)
FNDA:0,(anonymous_10)
DA:1,0
DA:3,0
DA:6,0
DA:18,0
DA:124,0
DA:168,0
DA:220,0
DA:221,0
DA:223,0
DA:224,0
DA:227,0
DA:231,0
DA:232,0
DA:235,0
DA:242,0
LF:15
LH:0
BRDA:221,0,0,0
BRF:1
BRH:0
end_of_record
TN:
SF:src/stories/flyzones/locations/teguise.ts
FN:166,(anonymous_9)
FN:169,(anonymous_10)
FNF:2
FNH:0
FNDA:0,(anonymous_9)
FNDA:0,(anonymous_10)
DA:1,0
DA:3,0
DA:6,0
DA:18,0
DA:90,0
DA:114,0
DA:166,0
DA:167,0
DA:169,0
DA:170,0
DA:173,0
DA:177,0
DA:178,0
DA:181,0
DA:188,0
LF:15
LH:0
BRDA:167,0,0,0
BRF:1
BRH:0
end_of_record
TN:
SF:src/stories/flyzones/markers/marker-creator.ts
FN:11,(anonymous_9)
FNF:1
FNH:0
FNDA:0,(anonymous_9)
DA:1,0
DA:11,0
DA:21,0
DA:22,0
DA:29,0
DA:30,0
DA:33,0
DA:34,0
DA:36,0
LF:9
LH:0
BRDA:25,0,0,0
BRDA:25,0,1,0
BRF:2
BRH:0
end_of_record
TN:
SF:src/stories/flyzones/markers/markers.ts
FN:17,(anonymous_9)
FN:26,(anonymous_10)
FN:27,(anonymous_11)
FNF:3
FNH:0
FNDA:0,(anonymous_9)
FNDA:0,(anonymous_10)
FNDA:0,(anonymous_11)
DA:1,0
DA:4,0
DA:5,0
DA:8,0
DA:18,0
DA:19,0
DA:20,0
DA:21,0
DA:24,0
DA:25,0
DA:26,0
DA:27,0
DA:28,0
DA:29,0
LF:14
LH:0
BRF:0
BRH:0
end_of_record
TN:
SF:src/stories/flyzones/markers/toggle.ts
FN:3,(anonymous_0)
FN:8,(anonymous_1)
FN:15,(anonymous_2)
FNF:3
FNH:0
FNDA:0,(anonymous_0)
FNDA:0,(anonymous_1)
FNDA:0,(anonymous_2)
DA:3,0
DA:8,0
DA:9,0
DA:12,0
DA:15,0
DA:16,0
DA:17,0
DA:18,0
DA:23,0
LF:9
LH:0
BRDA:16,0,0,0
BRF:1
BRH:0
end_of_record
TN:
SF:src/stories/flyzones/navigation/camera.ts
FN:7,(anonymous_9)
FNF:1
FNH:0
FNDA:0,(anonymous_9)
DA:1,0
DA:2,0
DA:3,0
DA:7,0
DA:14,0
DA:17,0
DA:18,0
DA:21,0
DA:30,0
DA:40,0
DA:50,0
DA:59,0
LF:12
LH:0
BRDA:17,0,0,0
BRDA:17,0,1,0
BRDA:17,1,0,0
BRDA:17,1,1,0
BRF:4
BRH:0
end_of_record
TN:
SF:src/stories/flyzones/ui/LocationButtons.tsx
FN:10,(anonymous_1)
FN:13,(anonymous_2)
FN:15,(anonymous_3)
FNF:3
FNH:0
FNDA:0,(anonymous_1)
FNDA:0,(anonymous_2)
FNDA:0,(anonymous_3)
DA:1,0
DA:10,0
DA:11,0
DA:14,0
DA:15,0
DA:24,0
LF:6
LH:0
BRF:0
BRH:0
end_of_record
TN:
SF:src/stories/flyzones/ui/ToggleButtons.tsx
FN:10,(anonymous_1)
FN:19,(anonymous_2)
FNF:2
FNH:0
FNDA:0,(anonymous_1)
FNDA:0,(anonymous_2)
DA:1,0
DA:10,0
DA:16,0
DA:19,0
DA:38,0
LF:5
LH:0
BRDA:14,0,0,0
BRDA:20,1,0,0
BRDA:20,1,1,0
BRDA:22,2,0,0
BRDA:22,2,1,0
BRDA:25,3,0,0
BRDA:25,3,1,0
BRDA:25,3,2,0
BRF:8
BRH:0
end_of_record
TN:
SF:src/stories/flyzones/ui/UI.tsx
FN:17,(anonymous_1)
FNF:1
FNH:0
FNDA:0,(anonymous_1)
DA:1,0
DA:2,0
DA:5,0
DA:6,0
DA:17,0
DA:25,0
DA:26,0
DA:27,0
DA:28,0
DA:31,0
DA:33,0
LF:11
LH:0
BRDA:23,0,0,0
BRDA:26,1,0,0
BRF:2
BRH:0
end_of_record
TN:
SF:src/stories/game/env.ts
FN:8,(anonymous_10)
FN:33,(anonymous_11)
FN:48,(anonymous_12)
FNF:3
FNH:0
FNDA:0,(anonymous_10)
FNDA:0,(anonymous_11)
FNDA:0,(anonymous_12)
DA:1,0
DA:2,0
DA:5,0
DA:6,0
DA:8,0
DA:15,0
DA:17,0
DA:19,0
DA:20,0
DA:21,0
DA:22,0
DA:23,0
DA:24,0
DA:26,0
DA:27,0
DA:32,0
DA:33,0
DA:38,0
DA:39,0
DA:47,0
DA:48,0
DA:55,0
LF:22
LH:0
BRDA:26,0,0,0
BRDA:38,1,0,0
BRF:2
BRH:0
end_of_record
TN:
SF:src/stories/game/lanzarote.ts
FNF:0
FNH:0
DA:1,0
DA:4,0
DA:48,0
LF:3
LH:0
BRF:0
BRH:0
end_of_record
TN:
SF:src/stories/game/types.ts
FN:10,(anonymous_0)
FNF:1
FNH:0
FNDA:0,(anonymous_0)
DA:10,0
DA:11,0
DA:12,0
DA:13,0
DA:14,0
LF:5
LH:0
BRDA:10,0,0,0
BRDA:10,0,1,0
BRF:2
BRH:0
end_of_record
TN:
SF:src/stories/game/ui-controls.tsx
FN:71,(anonymous_1)
FN:83,(anonymous_2)
FN:217,(anonymous_3)
FN:263,(anonymous_4)
FN:287,(anonymous_5)
FN:292,(anonymous_6)
FN:296,(anonymous_7)
FN:300,(anonymous_8)
FN:304,(anonymous_9)
FN:308,(anonymous_10)
FN:309,(anonymous_11)
FN:315,(anonymous_12)
FN:316,(anonymous_13)
FN:321,(anonymous_14)
FN:332,(anonymous_15)
FN:337,(anonymous_16)
FN:338,(anonymous_17)
FN:343,(anonymous_18)
FN:347,(anonymous_19)
FN:351,(anonymous_20)
FN:116,(anonymous_21)
FN:121,(anonymous_22)
FN:135,(anonymous_23)
FN:138,(anonymous_24)
FN:141,(anonymous_25)
FN:144,(anonymous_26)
FN:147,(anonymous_27)
FN:150,(anonymous_28)
FN:153,(anonymous_29)
FN:158,(anonymous_30)
FN:163,(anonymous_31)
FN:166,(anonymous_32)
FN:171,(anonymous_33)
FN:177,(anonymous_34)
FN:189,(anonymous_35)
FN:197,(anonymous_36)
FN:200,(anonymous_37)
FN:203,(anonymous_38)
FN:209,(anonymous_39)
FN:274,(anonymous_40)
FN:282,(anonymous_41)
FN:355,(anonymous_42)
FN:356,(anonymous_43)
FN:360,(anonymous_44)
FN:363,(anonymous_45)
FNF:45
FNH:0
FNDA:0,(anonymous_1)
FNDA:0,(anonymous_2)
FNDA:0,(anonymous_3)
FNDA:0,(anonymous_4)
FNDA:0,(anonymous_5)
FNDA:0,(anonymous_6)
FNDA:0,(anonymous_7)
FNDA:0,(anonymous_8)
FNDA:0,(anonymous_9)
FNDA:0,(anonymous_10)
FNDA:0,(anonymous_11)
FNDA:0,(anonymous_12)
FNDA:0,(anonymous_13)
FNDA:0,(anonymous_14)
FNDA:0,(anonymous_15)
FNDA:0,(anonymous_16)
FNDA:0,(anonymous_17)
FNDA:0,(anonymous_18)
FNDA:0,(anonymous_19)
FNDA:0,(anonymous_20)
FNDA:0,(anonymous_21)
FNDA:0,(anonymous_22)
FNDA:0,(anonymous_23)
FNDA:0,(anonymous_24)
FNDA:0,(anonymous_25)
FNDA:0,(anonymous_26)
FNDA:0,(anonymous_27)
FNDA:0,(anonymous_28)
FNDA:0,(anonymous_29)
FNDA:0,(anonymous_30)
FNDA:0,(anonymous_31)
FNDA:0,(anonymous_32)
FNDA:0,(anonymous_33)
FNDA:0,(anonymous_34)
FNDA:0,(anonymous_35)
FNDA:0,(anonymous_36)
FNDA:0,(anonymous_37)
FNDA:0,(anonymous_38)
FNDA:0,(anonymous_39)
FNDA:0,(anonymous_40)
FNDA:0,(anonymous_41)
FNDA:0,(anonymous_42)
FNDA:0,(anonymous_43)
FNDA:0,(anonymous_44)
FNDA:0,(anonymous_45)
DA:1,0
DA:3,0
DA:7,0
DA:8,0
DA:12,0
DA:71,0
DA:72,0
DA:73,0
DA:74,0
DA:75,0
DA:76,0
DA:77,0
DA:78,0
DA:79,0
DA:84,0
DA:85,0
DA:112,0
DA:113,0
DA:115,0
DA:116,0
DA:117,0
DA:120,0
DA:121,0
DA:122,0
DA:123,0
DA:135,0
DA:136,0
DA:138,0
DA:139,0
DA:141,0
DA:142,0
DA:144,0
DA:145,0
DA:147,0
DA:148,0
DA:150,0
DA:151,0
DA:153,0
DA:154,0
DA:157,0
DA:158,0
DA:159,0
DA:163,0
DA:164,0
DA:166,0
DA:167,0
DA:172,0
DA:173,0
DA:178,0
DA:179,0
DA:180,0
DA:181,0
DA:182,0
DA:183,0
DA:184,0
DA:185,0
DA:190,0
DA:191,0
DA:192,0
DA:193,0
DA:198,0
DA:199,0
DA:200,0
DA:201,0
DA:203,0
DA:204,0
DA:205,0
DA:206,0
DA:209,0
DA:210,0
DA:211,0
DA:212,0
DA:217,0
DA:218,0
DA:219,0
DA:221,0
DA:222,0
DA:224,0
DA:225,0
DA:227,0
DA:228,0
DA:230,0
DA:231,0
DA:233,0
DA:234,0
DA:236,0
DA:237,0
DA:239,0
DA:240,0
DA:242,0
DA:243,0
DA:245,0
DA:246,0
DA:248,0
DA:249,0
DA:251,0
DA:252,0
DA:254,0
DA:255,0
DA:257,0
DA:258,0
DA:259,0
DA:263,0
DA:264,0
DA:265,0
DA:267,0
DA:268,0
DA:270,0
DA:275,0
DA:276,0
DA:277,0
DA:278,0
DA:280,0
DA:281,0
DA:282,0
DA:283,0
DA:287,0
DA:288,0
DA:289,0
DA:292,0
DA:293,0
DA:296,0
DA:297,0
DA:300,0
DA:301,0
DA:304,0
DA:305,0
DA:308,0
DA:309,0
DA:310,0
DA:312,0
DA:315,0
DA:316,0
DA:317,0
DA:321,0
DA:326,0
DA:327,0
DA:332,0
DA:333,0
DA:337,0
DA:338,0
DA:339,0
DA:343,0
DA:344,0
DA:347,0
DA:348,0
DA:351,0
DA:352,0
DA:356,0
DA:357,0
DA:358,0
DA:361,0
DA:364,0
DA:374,0
DA:380,0
DA:401,0
DA:404,0
DA:421,0
DA:449,0
DA:451,0
DA:453,0
DA:457,0
DA:482,0
DA:483,0
DA:484,0
DA:495,0
DA:505,0
DA:514,0
DA:552,0
DA:566,0
DA:571,0
DA:573,0
DA:592,0
LF:173
LH:0
BRDA:71,0,0,0
BRDA:71,0,1,0
BRDA:219,1,0,0
BRDA:219,1,1,0
BRDA:222,2,0,0
BRDA:222,2,1,0
BRDA:225,3,0,0
BRDA:225,3,1,0
BRDA:228,4,0,0
BRDA:228,4,1,0
BRDA:231,5,0,0
BRDA:231,5,1,0
BRDA:234,6,0,0
BRDA:234,6,1,0
BRDA:237,7,0,0
BRDA:237,7,1,0
BRDA:240,8,0,0
BRDA:240,8,1,0
BRDA:243,9,0,0
BRDA:243,9,1,0
BRDA:246,10,0,0
BRDA:246,10,1,0
BRDA:249,11,0,0
BRDA:249,11,1,0
BRDA:252,12,0,0
BRDA:252,12,1,0
BRDA:252,13,0,0
BRDA:252,13,1,0
BRDA:252,13,2,0
BRDA:255,14,0,0
BRDA:255,14,1,0
BRDA:258,15,0,0
BRDA:265,16,0,0
BRDA:265,16,1,0
BRDA:268,17,0,0
BRDA:192,18,0,0
BRDA:204,19,0,0
BRDA:210,20,0,0
BRDA:277,21,0,0
BRDA:281,22,0,0
BRDA:281,22,1,0
BRDA:374,23,0,0
BRDA:374,23,1,0
BRDA:380,24,0,0
BRDA:380,24,1,0
BRDA:408,25,0,0
BRDA:408,25,1,0
BRDA:421,26,0,0
BRDA:421,26,1,0
BRDA:453,27,0,0
BRDA:453,27,1,0
BRDA:457,28,0,0
BRDA:457,28,1,0
BRDA:468,29,0,0
BRDA:468,29,1,0
BRDA:471,30,0,0
BRDA:471,30,1,0
BRDA:474,31,0,0
BRDA:474,31,1,0
BRDA:475,32,0,0
BRDA:475,32,1,0
BRDA:482,33,0,0
BRDA:482,33,1,0
BRDA:483,34,0,0
BRDA:483,34,1,0
BRDA:484,35,0,0
BRDA:484,35,1,0
BRDA:495,36,0,0
BRDA:495,36,1,0
BRDA:505,37,0,0
BRDA:505,37,1,0
BRDA:514,38,0,0
BRDA:514,38,1,0
BRDA:514,39,0,0
BRDA:514,39,1,0
BRDA:552,40,0,0
BRDA:552,40,1,0
BRDA:566,41,0,0
BRDA:566,41,1,0
BRF:79
BRH:0
end_of_record
TN:
SF:src/stories/location-editor/index.tsx
FN:16,(anonymous_9)
FN:60,(anonymous_10)
FN:71,(anonymous_11)
FN:76,(anonymous_12)
FN:80,(anonymous_13)
FN:88,(anonymous_14)
FN:90,(anonymous_15)
FN:96,(anonymous_16)
FN:101,(anonymous_17)
FN:110,(anonymous_18)
FN:125,(anonymous_19)
FN:148,(anonymous_20)
FN:161,(anonymous_21)
FNF:13
FNH:0
FNDA:0,(anonymous_9)
FNDA:0,(anonymous_10)
FNDA:0,(anonymous_11)
FNDA:0,(anonymous_12)
FNDA:0,(anonymous_13)
FNDA:0,(anonymous_14)
FNDA:0,(anonymous_15)
FNDA:0,(anonymous_16)
FNDA:0,(anonymous_17)
FNDA:0,(anonymous_18)
FNDA:0,(anonymous_19)
FNDA:0,(anonymous_20)
FNDA:0,(anonymous_21)
DA:1,0
DA:2,0
DA:3,0
DA:9,0
DA:10,0
DA:11,0
DA:12,0
DA:13,0
DA:15,0
DA:17,0
DA:19,0
DA:21,0
DA:22,0
DA:23,0
DA:26,0
DA:30,0
DA:32,0
DA:33,0
DA:34,0
DA:36,0
DA:49,0
DA:52,0
DA:53,0
DA:56,0
DA:57,0
DA:58,0
DA:61,0
DA:62,0
DA:63,0
DA:67,0
DA:68,0
DA:69,0
DA:72,0
DA:76,0
DA:80,0
DA:81,0
DA:82,0
DA:83,0
DA:88,0
DA:92,0
DA:96,0
DA:97,0
DA:101,0
DA:102,0
DA:103,0
DA:104,0
DA:109,0
DA:110,0
DA:111,0
DA:112,0
DA:113,0
DA:119,0
DA:122,0
DA:125,0
DA:126,0
DA:128,0
DA:129,0
DA:131,0
DA:132,0
DA:134,0
DA:135,0
DA:137,0
DA:138,0
DA:140,0
DA:145,0
DA:148,0
DA:149,0
DA:152,0
DA:154,0
DA:155,0
DA:156,0
DA:157,0
DA:161,0
DA:162,0
DA:165,0
DA:169,0
DA:170,0
DA:171,0
DA:175,0
LF:79
LH:0
BRDA:32,0,0,0
BRDA:32,0,1,0
BRDA:109,1,0,0
BRDA:111,2,0,0
BRDA:126,3,0,0
BRDA:126,3,1,0
BRDA:126,3,2,0
BRDA:126,3,3,0
BRDA:126,3,4,0
BRF:9
BRH:0
end_of_record
TN:
SF:src/stories/location-editor/interaction.ts
FN:4,(anonymous_9)
FN:18,(anonymous_10)
FN:26,(anonymous_11)
FN:44,(anonymous_12)
FN:59,(anonymous_13)
FN:68,(anonymous_14)
FN:73,(anonymous_15)
FN:161,(anonymous_16)
FNF:8
FNH:0
FNDA:0,(anonymous_9)
FNDA:0,(anonymous_10)
FNDA:0,(anonymous_11)
FNDA:0,(anonymous_12)
FNDA:0,(anonymous_13)
FNDA:0,(anonymous_14)
FNDA:0,(anonymous_15)
FNDA:0,(anonymous_16)
DA:1,0
DA:2,0
DA:4,0
DA:10,0
DA:11,0
DA:14,0
DA:15,0
DA:16,0
DA:18,0
DA:19,0
DA:20,0
DA:21,0
DA:22,0
DA:23,0
DA:26,0
DA:27,0
DA:28,0
DA:29,0
DA:32,0
DA:33,0
DA:34,0
DA:35,0
DA:38,0
DA:39,0
DA:44,0
DA:48,0
DA:50,0
DA:51,0
DA:55,0
DA:56,0
DA:59,0
DA:60,0
DA:62,0
DA:63,0
DA:65,0
DA:68,0
DA:69,0
DA:73,0
DA:75,0
DA:76,0
DA:77,0
DA:78,0
DA:81,0
DA:83,0
DA:84,0
DA:85,0
DA:86,0
DA:88,0
DA:90,0
DA:93,0
DA:94,0
DA:95,0
DA:96,0
DA:98,0
DA:100,0
DA:103,0
DA:104,0
DA:105,0
DA:106,0
DA:108,0
DA:110,0
DA:113,0
DA:114,0
DA:115,0
DA:116,0
DA:118,0
DA:120,0
DA:123,0
DA:124,0
DA:127,0
DA:128,0
DA:129,0
DA:131,0
DA:133,0
DA:134,0
DA:135,0
DA:136,0
DA:138,0
DA:140,0
DA:141,0
DA:142,0
DA:144,0
DA:146,0
DA:147,0
DA:148,0
DA:150,0
DA:152,0
DA:153,0
DA:154,0
DA:156,0
DA:161,0
DA:162,0
DA:168,0
DA:169,0
DA:175,0
DA:176,0
DA:177,0
DA:182,0
LF:98
LH:0
BRDA:32,0,0,0
BRDA:32,1,0,0
BRDA:32,1,1,0
BRDA:38,2,0,0
BRDA:50,3,0,0
BRDA:50,4,0,0
BRDA:50,4,1,0
BRDA:75,5,0,0
BRDA:75,5,1,0
BRDA:81,6,0,0
BRDA:81,6,1,0
BRDA:81,6,2,0
BRDA:81,6,3,0
BRDA:83,7,0,0
BRDA:83,7,1,0
BRDA:93,8,0,0
BRDA:93,8,1,0
BRDA:103,9,0,0
BRDA:103,9,1,0
BRDA:113,10,0,0
BRDA:113,10,1,0
BRDA:127,11,0,0
BRDA:131,12,0,0
BRDA:131,12,1,0
BRDA:131,12,2,0
BRDA:131,12,3,0
BRDA:133,13,0,0
BRDA:140,14,0,0
BRDA:146,15,0,0
BRDA:152,16,0,0
BRDA:162,17,0,0
BRDA:162,17,1,0
BRDA:162,17,2,0
BRDA:162,17,3,0
BRDA:168,18,0,0
BRF:35
BRH:0
end_of_record
TN:
SF:src/stories/location-editor/state.ts
FN:97,(anonymous_9)
FN:141,(anonymous_10)
FN:173,(anonymous_11)
FN:206,(anonymous_12)
FN:247,(anonymous_13)
FN:248,(anonymous_14)
FN:251,(anonymous_15)
FN:255,(anonymous_16)
FN:288,(anonymous_17)
FN:324,(anonymous_18)
FN:368,(anonymous_19)
FN:398,(anonymous_20)
FN:413,(anonymous_21)
FN:428,(anonymous_22)
FN:484,(anonymous_23)
FN:541,(anonymous_24)
FN:596,(anonymous_25)
FN:647,(anonymous_26)
FN:650,(anonymous_27)
FN:655,(anonymous_28)
FN:688,(anonymous_29)
FN:706,(anonymous_30)
FN:712,(anonymous_31)
FN:714,(anonymous_32)
FN:721,(anonymous_33)
FN:723,(anonymous_34)
FN:733,(anonymous_35)
FN:744,(anonymous_36)
FN:748,(anonymous_37)
FN:763,(anonymous_38)
FN:773,(anonymous_39)
FN:784,(anonymous_40)
FN:814,(anonymous_41)
FN:835,(anonymous_42)
FN:861,(anonymous_43)
FN:872,(anonymous_44)
FN:883,(anonymous_45)
FN:902,(anonymous_46)
FN:908,(anonymous_47)
FN:914,(anonymous_48)
FN:920,(anonymous_49)
FN:929,(anonymous_50)
FN:935,(anonymous_51)
FN:940,(anonymous_52)
FN:945,(anonymous_53)
FN:951,(anonymous_54)
FN:953,(anonymous_55)
FN:978,(anonymous_56)
FNF:48
FNH:0
FNDA:0,(anonymous_9)
FNDA:0,(anonymous_10)
FNDA:0,(anonymous_11)
FNDA:0,(anonymous_12)
FNDA:0,(anonymous_13)
FNDA:0,(anonymous_14)
FNDA:0,(anonymous_15)
FNDA:0,(anonymous_16)
FNDA:0,(anonymous_17)
FNDA:0,(anonymous_18)
FNDA:0,(anonymous_19)
FNDA:0,(anonymous_20)
FNDA:0,(anonymous_21)
FNDA:0,(anonymous_22)
FNDA:0,(anonymous_23)
FNDA:0,(anonymous_24)
FNDA:0,(anonymous_25)
FNDA:0,(anonymous_26)
FNDA:0,(anonymous_27)
FNDA:0,(anonymous_28)
FNDA:0,(anonymous_29)
FNDA:0,(anonymous_30)
FNDA:0,(anonymous_31)
FNDA:0,(anonymous_32)
FNDA:0,(anonymous_33)
FNDA:0,(anonymous_34)
FNDA:0,(anonymous_35)
FNDA:0,(anonymous_36)
FNDA:0,(anonymous_37)
FNDA:0,(anonymous_38)
FNDA:0,(anonymous_39)
FNDA:0,(anonymous_40)
FNDA:0,(anonymous_41)
FNDA:0,(anonymous_42)
FNDA:0,(anonymous_43)
FNDA:0,(anonymous_44)
FNDA:0,(anonymous_45)
FNDA:0,(anonymous_46)
FNDA:0,(anonymous_47)
FNDA:0,(anonymous_48)
FNDA:0,(anonymous_49)
FNDA:0,(anonymous_50)
FNDA:0,(anonymous_51)
FNDA:0,(anonymous_52)
FNDA:0,(anonymous_53)
FNDA:0,(anonymous_54)
FNDA:0,(anonymous_55)
FNDA:0,(anonymous_56)
DA:1,0
DA:2,0
DA:4,0
DA:97,0
DA:99,0
DA:102,0
DA:121,0
DA:122,0
DA:123,0
DA:126,0
DA:127,0
DA:128,0
DA:131,0
DA:137,0
DA:141,0
DA:142,0
DA:145,0
DA:147,0
DA:157,0
DA:158,0
DA:159,0
DA:160,0
DA:163,0
DA:169,0
DA:173,0
DA:174,0
DA:177,0
DA:179,0
DA:190,0
DA:191,0
DA:192,0
DA:193,0
DA:196,0
DA:202,0
DA:206,0
DA:211,0
DA:214,0
DA:216,0
DA:218,0
DA:231,0
DA:232,0
DA:233,0
DA:234,0
DA:237,0
DA:243,0
DA:247,0
DA:248,0
DA:249,0
DA:250,0
DA:252,0
DA:253,0
DA:256,0
DA:257,0
DA:261,0
DA:262,0
DA:263,0
DA:264,0
DA:265,0
DA:266,0
DA:267,0
DA:268,0
DA:269,0
DA:270,0
DA:271,0
DA:272,0
DA:273,0
DA:274,0
DA:276,0
DA:277,0
DA:280,0
DA:281,0
DA:288,0
DA:289,0
DA:290,0
DA:291,0
DA:292,0
DA:296,0
DA:319,0
DA:324,0
DA:363,0
DA:368,0
DA:393,0
DA:399,0
DA:400,0
DA:413,0
DA:424,0
DA:428,0
DA:430,0
DA:433,0
DA:439,0
DA:442,0
DA:443,0
DA:448,0
DA:454,0
DA:457,0
DA:458,0
DA:459,0
DA:460,0
DA:461,0
DA:462,0
DA:463,0
DA:464,0
DA:466,0
DA:467,0
DA:470,0
DA:471,0
DA:472,0
DA:475,0
DA:480,0
DA:484,0
DA:486,0
DA:489,0
DA:495,0
DA:496,0
DA:499,0
DA:500,0
DA:505,0
DA:511,0
DA:514,0
DA:515,0
DA:516,0
DA:517,0
DA:518,0
DA:519,0
DA:520,0
DA:521,0
DA:523,0
DA:524,0
DA:527,0
DA:528,0
DA:529,0
DA:532,0
DA:537,0
DA:541,0
DA:543,0
DA:546,0
DA:552,0
DA:555,0
DA:556,0
DA:561,0
DA:567,0
DA:570,0
DA:571,0
DA:572,0
DA:573,0
DA:574,0
DA:575,0
DA:576,0
DA:577,0
DA:579,0
DA:580,0
DA:583,0
DA:584,0
DA:585,0
DA:588,0
DA:593,0
DA:596,0
DA:599,0
DA:601,0
DA:602,0
DA:604,0
DA:605,0
DA:607,0
DA:608,0
DA:610,0
DA:611,0
DA:613,0
DA:617,0
DA:618,0
DA:626,0
DA:627,0
DA:630,0
DA:638,0
DA:640,0
DA:641,0
DA:643,0
DA:647,0
DA:648,0
DA:650,0
DA:651,0
DA:655,0
DA:656,0
DA:660,0
DA:676,0
DA:677,0
DA:678,0
DA:679,0
DA:681,0
DA:683,0
DA:688,0
DA:689,0
DA:690,0
DA:691,0
DA:694,0
DA:695,0
DA:697,0
DA:700,0
DA:703,0
DA:705,0
DA:706,0
DA:707,0
DA:710,0
DA:711,0
DA:712,0
DA:714,0
DA:716,0
DA:719,0
DA:720,0
DA:721,0
DA:723,0
DA:725,0
DA:728,0
DA:729,0
DA:730,0
DA:731,0
DA:733,0
DA:735,0
DA:738,0
DA:744,0
DA:745,0
DA:747,0
DA:748,0
DA:763,0
DA:773,0
DA:785,0
DA:786,0
DA:796,0
DA:806,0
DA:807,0
DA:809,0
DA:814,0
DA:815,0
DA:816,0
DA:817,0
DA:819,0
DA:822,0
DA:833,0
DA:835,0
DA:836,0
DA:843,0
DA:846,0
DA:847,0
DA:848,0
DA:849,0
DA:854,0
DA:857,0
DA:859,0
DA:861,0
DA:862,0
DA:863,0
DA:868,0
DA:870,0
DA:872,0
DA:873,0
DA:874,0
DA:879,0
DA:881,0
DA:883,0
DA:884,0
DA:885,0
DA:886,0
DA:887,0
DA:893,0
DA:894,0
DA:896,0
DA:897,0
DA:902,0
DA:903,0
DA:904,0
DA:908,0
DA:909,0
DA:910,0
DA:914,0
DA:915,0
DA:916,0
DA:920,0
DA:921,0
DA:923,0
DA:926,0
DA:929,0
DA:930,0
DA:932,0
DA:935,0
DA:936,0
DA:940,0
DA:941,0
DA:945,0
DA:946,0
DA:947,0
DA:951,0
DA:952,0
DA:953,0
DA:957,0
DA:960,0
DA:961,0
DA:962,0
DA:964,0
DA:966,0
DA:968,0
DA:972,0
DA:978,0
DA:983,0
DA:985,0
DA:988,0
DA:989,0
DA:992,0
DA:993,0
LF:307
LH:0
BRDA:142,0,0,0
BRDA:174,1,0,0
BRDA:211,2,0,0
BRDA:249,3,0,0
BRDA:249,3,1,0
BRDA:272,4,0,0
BRDA:272,4,1,0
BRDA:290,5,0,0
BRDA:305,6,0,0
BRDA:305,6,1,0
BRDA:306,7,0,0
BRDA:306,7,1,0
BRDA:307,8,0,0
BRDA:307,8,1,0
BRDA:309,9,0,0
BRDA:309,9,1,0
BRDA:309,10,0,0
BRDA:309,10,1,0
BRDA:309,11,0,0
BRDA:309,11,1,0
BRDA:329,12,0,0
BRDA:329,12,1,0
BRDA:330,13,0,0
BRDA:330,13,1,0
BRDA:331,14,0,0
BRDA:331,14,1,0
BRDA:333,15,0,0
BRDA:333,15,1,0
BRDA:333,16,0,0
BRDA:333,16,1,0
BRDA:333,17,0,0
BRDA:333,17,1,0
BRDA:373,18,0,0
BRDA:373,18,1,0
BRDA:374,19,0,0
BRDA:374,19,1,0
BRDA:375,20,0,0
BRDA:375,20,1,0
BRDA:377,21,0,0
BRDA:377,21,1,0
BRDA:377,22,0,0
BRDA:377,22,1,0
BRDA:377,23,0,0
BRDA:377,23,1,0
BRDA:403,24,0,0
BRDA:403,24,1,0
BRDA:404,25,0,0
BRDA:404,25,1,0
BRDA:405,26,0,0
BRDA:405,26,1,0
BRDA:407,27,0,0
BRDA:407,27,1,0
BRDA:407,28,0,0
BRDA:407,28,1,0
BRDA:407,29,0,0
BRDA:407,29,1,0
BRDA:412,30,0,0
BRDA:412,30,1,0
BRDA:599,31,0,0
BRDA:599,31,1,0
BRDA:599,31,2,0
BRDA:599,31,3,0
BRDA:599,31,4,0
BRDA:648,32,0,0
BRDA:648,32,1,0
BRDA:689,33,0,0
BRDA:695,34,0,0
BRDA:703,35,0,0
BRDA:703,35,1,0
BRDA:703,35,2,0
BRDA:703,35,3,0
BRDA:710,36,0,0
BRDA:719,37,0,0
BRDA:728,38,0,0
BRDA:728,39,0,0
BRDA:728,39,1,0
BRDA:730,40,0,0
BRDA:730,41,0,0
BRDA:730,41,1,0
BRDA:817,42,0,0
BRDA:824,43,0,0
BRDA:824,43,1,0
BRDA:826,44,0,0
BRDA:826,44,1,0
BRDA:827,45,0,0
BRDA:827,45,1,0
BRDA:833,46,0,0
BRDA:833,47,0,0
BRDA:833,47,1,0
BRDA:857,48,0,0
BRDA:857,49,0,0
BRDA:857,49,1,0
BRDA:868,50,0,0
BRDA:868,51,0,0
BRDA:868,51,1,0
BRDA:879,52,0,0
BRDA:879,53,0,0
BRDA:879,53,1,0
BRDA:909,54,0,0
BRDA:910,55,0,0
BRDA:910,55,1,0
BRDA:916,56,0,0
BRDA:916,56,1,0
BRDA:921,57,0,0
BRDA:921,58,0,0
BRDA:921,58,1,0
BRDA:930,59,0,0
BRDA:930,59,1,0
BRDA:932,60,0,0
BRDA:936,61,0,0
BRDA:941,62,0,0
BRDA:947,63,0,0
BRDA:960,64,0,0
BRDA:960,64,1,0
BRDA:961,65,0,0
BRDA:961,65,1,0
BRDA:966,66,0,0
BRDA:966,67,0,0
BRDA:966,67,1,0
BRDA:972,68,0,0
BRDA:972,68,1,0
BRDA:983,69,0,0
BRDA:983,70,0,0
BRDA:983,70,1,0
BRDA:988,71,0,0
BRDA:989,72,0,0
BRDA:992,73,0,0
BRF:127
BRH:0
end_of_record
TN:
SF:src/stories/location-editor/ui.tsx
FN:21,(anonymous_9)
FN:32,(anonymous_10)
FN:37,(anonymous_11)
FN:46,(anonymous_12)
FN:55,(anonymous_13)
FN:77,(anonymous_14)
FN:89,(anonymous_15)
FN:100,(anonymous_16)
FN:112,(anonymous_17)
FN:119,(anonymous_18)
FN:123,(anonymous_19)
FN:126,(anonymous_20)
FN:131,(anonymous_21)
FN:139,(anonymous_22)
FN:144,(anonymous_23)
FN:149,(anonymous_24)
FN:162,(anonymous_25)
FN:173,(anonymous_26)
FN:180,(anonymous_27)
FN:224,(anonymous_28)
FN:227,(anonymous_29)
FN:249,(anonymous_30)
FN:255,(anonymous_31)
FN:261,(anonymous_32)
FN:267,(anonymous_33)
FN:277,(anonymous_34)
FN:287,(anonymous_35)
FN:313,(anonymous_36)
FNF:28
FNH:0
FNDA:0,(anonymous_9)
FNDA:0,(anonymous_10)
FNDA:0,(anonymous_11)
FNDA:0,(anonymous_12)
FNDA:0,(anonymous_13)
FNDA:0,(anonymous_14)
FNDA:0,(anonymous_15)
FNDA:0,(anonymous_16)
FNDA:0,(anonymous_17)
FNDA:0,(anonymous_18)
FNDA:0,(anonymous_19)
FNDA:0,(anonymous_20)
FNDA:0,(anonymous_21)
FNDA:0,(anonymous_22)
FNDA:0,(anonymous_23)
FNDA:0,(anonymous_24)
FNDA:0,(anonymous_25)
FNDA:0,(anonymous_26)
FNDA:0,(anonymous_27)
FNDA:0,(anonymous_28)
FNDA:0,(anonymous_29)
FNDA:0,(anonymous_30)
FNDA:0,(anonymous_31)
FNDA:0,(anonymous_32)
FNDA:0,(anonymous_33)
FNDA:0,(anonymous_34)
FNDA:0,(anonymous_35)
FNDA:0,(anonymous_36)
DA:1,0
DA:2,0
DA:3,0
DA:21,0
DA:22,0
DA:23,0
DA:24,0
DA:25,0
DA:26,0
DA:27,0
DA:28,0
DA:29,0
DA:32,0
DA:33,0
DA:37,0
DA:38,0
DA:39,0
DA:40,0
DA:41,0
DA:46,0
DA:47,0
DA:48,0
DA:49,0
DA:50,0
DA:55,0
DA:56,0
DA:57,0
DA:59,0
DA:60,0
DA:63,0
DA:64,0
DA:65,0
DA:69,0
DA:72,0
DA:77,0
DA:79,0
DA:80,0
DA:81,0
DA:82,0
DA:84,0
DA:89,0
DA:90,0
DA:91,0
DA:92,0
DA:93,0
DA:95,0
DA:100,0
DA:101,0
DA:102,0
DA:103,0
DA:104,0
DA:105,0
DA:107,0
DA:112,0
DA:113,0
DA:114,0
DA:115,0
DA:119,0
DA:120,0
DA:121,0
DA:122,0
DA:123,0
DA:125,0
DA:126,0
DA:131,0
DA:132,0
DA:140,0
DA:144,0
DA:149,0
DA:162,0
DA:163,0
DA:165,0
DA:166,0
DA:173,0
DA:180,0
DA:190,0
DA:224,0
DA:225,0
DA:227,0
DA:228,0
DA:230,0
DA:232,0
DA:234,0
DA:236,0
DA:238,0
DA:242,0
DA:249,0
DA:255,0
DA:261,0
DA:267,0
DA:277,0
DA:287,0
DA:296,0
DA:313,0
DA:314,0
DA:315,0
DA:316,0
DA:317,0
DA:318,0
DA:319,0
DA:320,0
DA:322,0
DA:323,0
LF:103
LH:0
BRDA:39,0,0,0
BRDA:48,1,0,0
BRDA:56,2,0,0
BRDA:57,3,0,0
BRDA:57,3,1,0
BRDA:64,4,0,0
BRDA:64,5,0,0
BRDA:64,5,1,0
BRDA:80,6,0,0
BRDA:80,6,1,0
BRDA:91,7,0,0
BRDA:91,7,1,0
BRDA:102,8,0,0
BRDA:102,8,1,0
BRDA:135,9,0,0
BRDA:135,9,1,0
BRDA:142,10,0,0
BRDA:142,10,1,0
BRDA:163,11,0,0
BRDA:165,12,0,0
BRDA:207,13,0,0
BRDA:207,13,1,0
BRDA:225,14,0,0
BRDA:225,15,0,0
BRDA:225,15,1,0
BRDA:228,16,0,0
BRDA:228,16,1,0
BRDA:228,16,2,0
BRDA:228,16,3,0
BRDA:228,16,4,0
BRDA:248,17,0,0
BRDA:248,17,1,0
BRDA:254,18,0,0
BRDA:254,18,1,0
BRDA:260,19,0,0
BRDA:260,19,1,0
BRDA:266,20,0,0
BRDA:266,20,1,0
BRDA:279,21,0,0
BRDA:279,21,1,0
BRDA:303,22,0,0
BRDA:303,22,1,0
BRDA:315,23,0,0
BRDA:315,23,1,0
BRF:44
BRH:0
end_of_record
TN:
SF:src/stories/voxel/example.ts
FN:4,(anonymous_9)
FN:39,(anonymous_10)
FN:86,(anonymous_11)
FN:100,(anonymous_12)
FN:101,(anonymous_13)
FN:102,(anonymous_14)
FNF:6
FNH:0
FNDA:0,(anonymous_9)
FNDA:0,(anonymous_10)
FNDA:0,(anonymous_11)
FNDA:0,(anonymous_12)
FNDA:0,(anonymous_13)
FNDA:0,(anonymous_14)
DA:1,0
DA:4,0
DA:5,0
DA:6,0
DA:8,0
DA:9,0
DA:12,0
DA:39,0
DA:86,0
DA:92,0
DA:100,0
DA:101,0
DA:102,0
DA:103,0
DA:104,0
DA:105,0
DA:106,0
DA:107,0
DA:112,0
DA:113,0
DA:114,0
DA:115,0
DA:117,0
DA:123,0
DA:126,0
DA:127,0
DA:128,0
DA:129,0
DA:131,0
DA:138,0
DA:141,0
LF:31
LH:0
BRDA:103,0,0,0
BRF:1
BRH:0
end_of_record
TN:
SF:src/stories/voxel/index.tsx
FN:7,(anonymous_10)
FN:19,(anonymous_11)
FN:82,(anonymous_12)
FN:89,(anonymous_13)
FN:104,(anonymous_14)
FNF:5
FNH:0
FNDA:0,(anonymous_10)
FNDA:0,(anonymous_11)
FNDA:0,(anonymous_12)
FNDA:0,(anonymous_13)
FNDA:0,(anonymous_14)
DA:1,0
DA:3,0
DA:4,0
DA:6,0
DA:8,0
DA:10,0
DA:13,0
DA:14,0
DA:16,0
DA:19,0
DA:27,0
DA:28,0
DA:31,0
DA:32,0
DA:33,0
DA:36,0
DA:37,0
DA:38,0
DA:41,0
DA:42,0
DA:43,0
DA:46,0
DA:47,0
DA:48,0
DA:49,0
DA:50,0
DA:51,0
DA:53,0
DA:59,0
DA:60,0
DA:63,0
DA:64,0
DA:67,0
DA:68,0
DA:73,0
DA:74,0
DA:75,0
DA:76,0
DA:79,0
DA:82,0
DA:83,0
DA:84,0
DA:85,0
DA:86,0
DA:87,0
DA:88,0
DA:89,0
DA:90,0
DA:91,0
DA:92,0
DA:93,0
DA:94,0
DA:95,0
DA:96,0
DA:98,0
DA:101,0
DA:104,0
DA:105,0
DA:106,0
DA:109,0
DA:110,0
DA:111,0
DA:112,0
DA:113,0
DA:117,0
LF:65
LH:0
BRF:0
BRH:0
end_of_record
TN:
SF:src/utils/animations.ts
FN:7,(anonymous_0)
FN:34,(anonymous_1)
FN:43,(anonymous_2)
FNF:3
FNH:0
FNDA:0,(anonymous_0)
FNDA:0,(anonymous_1)
FNDA:0,(anonymous_2)
DA:1,0
DA:2,0
DA:6,0
DA:15,0
DA:23,0
DA:34,0
DA:35,0
DA:36,0
DA:37,0
DA:38,0
DA:39,0
DA:40,0
DA:41,0
DA:43,0
DA:44,0
DA:46,0
DA:47,0
DA:50,0
LF:18
LH:0
BRDA:12,0,0,0
BRDA:44,1,0,0
BRDA:44,1,1,0
BRF:3
BRH:0
end_of_record
TN:
SF:src/utils/collision.ts
FN:3,(anonymous_9)
FNF:1
FNH:0
FNDA:0,(anonymous_9)
DA:1,0
DA:3,0
DA:8,0
DA:12,0
DA:13,0
DA:14,0
DA:16,0
DA:17,0
DA:18,0
DA:19,0
DA:21,0
DA:23,0
DA:26,0
LF:13
LH:0
BRDA:13,0,0,0
BRDA:17,1,0,0
BRDA:17,1,1,0
BRDA:19,2,0,0
BRDA:19,2,1,0
BRF:5
BRH:0
end_of_record
TN:
SF:src/utils/controls.ts
FN:5,(anonymous_0)
FNF:1
FNH:0
FNDA:0,(anonymous_0)
DA:2,0
DA:4,0
DA:6,0
DA:7,0
DA:8,0
DA:9,0
DA:11,0
DA:12,0
DA:17,0
DA:24,0
DA:25,0
DA:28,0
LF:12
LH:0
BRF:0
BRH:0
end_of_record
TN:
SF:src/utils/gui.ts
FN:9,(anonymous_0)
FN:29,(anonymous_1)
FN:49,(anonymous_2)
FNF:3
FNH:0
FNDA:0,(anonymous_0)
FNDA:0,(anonymous_1)
FNDA:0,(anonymous_2)
DA:8,0
DA:15,0
DA:16,0
DA:17,0
DA:20,0
DA:23,0
DA:26,0
DA:35,0
DA:36,0
DA:37,0
DA:40,0
DA:43,0
DA:46,0
DA:55,0
DA:56,0
DA:60,0
LF:16
LH:0
BRDA:13,0,0,0
BRDA:33,1,0,0
BRF:2
BRH:0
end_of_record
TN:
SF:src/utils/helpers.ts
FN:5,(anonymous_9)
FN:20,(anonymous_10)
FN:31,(anonymous_11)
FN:37,(anonymous_12)
FN:44,(anonymous_13)
FNF:5
FNH:0
FNDA:0,(anonymous_9)
FNDA:0,(anonymous_10)
FNDA:0,(anonymous_11)
FNDA:0,(anonymous_12)
FNDA:0,(anonymous_13)
DA:1,0
DA:2,0
DA:4,0
DA:11,0
DA:12,0
DA:14,0
DA:15,0
DA:17,0
DA:21,0
DA:22,0
DA:23,0
DA:25,0
DA:26,0
DA:27,0
DA:28,0
DA:32,0
DA:33,0
DA:34,0
DA:38,0
DA:39,0
DA:41,0
DA:45,0
DA:46,0
DA:47,0
DA:48,0
DA:49,0
DA:50,0
DA:52,0
DA:53,0
DA:54,0
DA:55,0
DA:56,0
DA:57,0
DA:60,0
LF:34
LH:0
BRF:0
BRH:0
end_of_record
TN:
SF:src/utils/logger.ts
FN:6,(anonymous_0)
FN:17,(anonymous_1)
FN:24,(anonymous_2)
FN:30,(anonymous_3)
FN:36,(anonymous_4)
FN:42,(anonymous_5)
FN:48,(anonymous_6)
FNF:7
FNH:7
FNDA:1,(anonymous_0)
FNDA:1,(anonymous_1)
FNDA:3,(anonymous_2)
FNDA:3,(anonymous_3)
FNDA:2,(anonymous_4)
FNDA:2,(anonymous_5)
FNDA:7,(anonymous_6)
DA:6,1
DA:7,1
DA:8,1
DA:9,1
DA:10,1
DA:11,1
DA:19,1
DA:25,3
DA:26,1
DA:31,3
DA:32,2
DA:37,2
DA:38,1
DA:43,2
DA:44,1
DA:49,7
DA:53,1
LF:17
LH:17
BRDA:6,0,0,1
BRDA:6,0,1,1
BRDA:19,1,0,0
BRDA:19,1,1,1
BRDA:19,2,0,1
BRDA:19,2,1,1
BRDA:25,3,0,1
BRDA:31,4,0,2
BRDA:37,5,0,1
BRDA:43,6,0,1
BRF:10
BRH:9
end_of_record
TN:
SF:src/utils/math.ts
FN:1,(anonymous_0)
FN:4,(anonymous_1)
FNF:2
FNH:0
FNDA:0,(anonymous_0)
FNDA:0,(anonymous_1)
DA:1,0
DA:2,0
DA:4,0
DA:6,0
LF:4
LH:0
BRF:0
BRH:0
end_of_record
TN:
SF:src/utils/models.ts
FN:8,modelLoader
FN:15,(anonymous_10)
FN:16,(anonymous_11)
FN:20,objLoader
FN:23,(anonymous_13)
FN:24,(anonymous_14)
FN:30,(anonymous_15)
FN:34,(anonymous_16)
FN:37,(anonymous_17)
FN:44,(anonymous_18)
FN:51,(anonymous_19)
FNF:11
FNH:0
FNDA:0,modelLoader
FNDA:0,(anonymous_10)
FNDA:0,(anonymous_11)
FNDA:0,objLoader
FNDA:0,(anonymous_13)
FNDA:0,(anonymous_14)
FNDA:0,(anonymous_15)
FNDA:0,(anonymous_16)
FNDA:0,(anonymous_17)
FNDA:0,(anonymous_18)
FNDA:0,(anonymous_19)
DA:1,0
DA:2,0
DA:3,0
DA:4,0
DA:6,0
DA:9,0
DA:10,0
DA:11,0
DA:15,0
DA:16,0
DA:21,0
DA:22,0
DA:23,0
DA:24,0
DA:28,0
DA:31,0
DA:32,0
DA:35,0
DA:38,0
DA:40,0
DA:41,0
DA:42,0
DA:45,0
DA:47,0
DA:48,0
DA:49,0
DA:52,0
DA:53,0
DA:54,0
DA:55,0
DA:56,0
DA:57,0
DA:59,0
DA:60,0
DA:64,0
LF:35
LH:0
BRDA:9,0,0,0
BRDA:9,0,1,0
BRDA:10,1,0,0
BRDA:10,1,1,0
BRDA:11,2,0,0
BRDA:21,3,0,0
BRDA:21,3,1,0
BRDA:40,4,0,0
BRDA:40,4,1,0
BRDA:47,5,0,0
BRDA:47,5,1,0
BRDA:56,6,0,0
BRF:12
BRH:0
end_of_record
TN:
SF:src/utils/navigation.ts
FN:7,(anonymous_10)
FN:9,(anonymous_11)
FN:16,(anonymous_12)
FN:20,(anonymous_13)
FN:27,(anonymous_14)
FN:31,(anonymous_15)
FN:38,(anonymous_16)
FN:42,(anonymous_17)
FN:49,(anonymous_18)
FN:53,(anonymous_19)
FN:60,(anonymous_20)
FN:65,moveForward
FN:71,moveBackwards
FN:78,rotateLeft
FN:82,rotateRight
FN:90,onDocumentKeyDown
FN:111,(anonymous_26)
FN:114,(anonymous_27)
FNF:18
FNH:0
FNDA:0,(anonymous_10)
FNDA:0,(anonymous_11)
FNDA:0,(anonymous_12)
FNDA:0,(anonymous_13)
FNDA:0,(anonymous_14)
FNDA:0,(anonymous_15)
FNDA:0,(anonymous_16)
FNDA:0,(anonymous_17)
FNDA:0,(anonymous_18)
FNDA:0,(anonymous_19)
FNDA:0,(anonymous_20)
FNDA:0,moveForward
FNDA:0,moveBackwards
FNDA:0,rotateLeft
FNDA:0,rotateRight
FNDA:0,onDocumentKeyDown
FNDA:0,(anonymous_26)
FNDA:0,(anonymous_27)
DA:1,0
DA:2,0
DA:7,0
DA:8,0
DA:10,0
DA:21,0
DA:32,0
DA:43,0
DA:54,0
DA:66,0
DA:67,0
DA:68,0
DA:72,0
DA:73,0
DA:74,0
DA:79,0
DA:83,0
DA:86,0
DA:87,0
DA:88,0
DA:91,0
DA:92,0
DA:94,0
DA:95,0
DA:97,0
DA:98,0
DA:100,0
DA:101,0
DA:103,0
DA:104,0
DA:106,0
DA:108,0
DA:111,0
DA:112,0
DA:116,0
DA:117,0
DA:119,0
DA:120,0
DA:122,0
DA:123,0
DA:125,0
DA:126,0
DA:128,0
DA:129,0
DA:131,0
DA:138,0
DA:141,0
LF:47
LH:0
BRDA:9,0,0,0
BRDA:15,1,0,0
BRDA:15,1,1,0
BRDA:16,2,0,0
BRDA:16,2,1,0
BRDA:20,3,0,0
BRDA:26,4,0,0
BRDA:26,4,1,0
BRDA:27,5,0,0
BRDA:27,5,1,0
BRDA:31,6,0,0
BRDA:37,7,0,0
BRDA:37,7,1,0
BRDA:38,8,0,0
BRDA:38,8,1,0
BRDA:42,9,0,0
BRDA:48,10,0,0
BRDA:48,10,1,0
BRDA:49,11,0,0
BRDA:49,11,1,0
BRDA:53,12,0,0
BRDA:59,13,0,0
BRDA:59,13,1,0
BRDA:60,14,0,0
BRDA:60,14,1,0
BRDA:92,15,0,0
BRDA:92,15,1,0
BRDA:95,16,0,0
BRDA:95,16,1,0
BRDA:98,17,0,0
BRDA:98,17,1,0
BRDA:101,18,0,0
BRDA:101,18,1,0
BRDA:104,19,0,0
BRDA:117,20,0,0
BRDA:117,20,1,0
BRDA:117,20,2,0
BRDA:117,20,3,0
BRDA:117,20,4,0
BRF:39
BRH:0
end_of_record
TN:
SF:src/utils/time.ts
FN:4,(anonymous_9)
FN:21,(anonymous_10)
FNF:2
FNH:1
FNDA:7,(anonymous_9)
FNDA:0,(anonymous_10)
DA:1,1
DA:3,1
DA:5,7
DA:6,7
DA:7,7
DA:8,2
DA:10,5
DA:15,5
DA:16,5
DA:17,5
DA:18,5
DA:22,0
DA:26,1
LF:13
LH:12
BRDA:7,0,0,2
BRDA:7,1,0,7
BRDA:7,1,1,6
BRF:3
BRH:3
end_of_record
